<?xml version="1.0" encoding="UTF-8"?>
<testsuites>
	<testsuite tests="1" failures="0" time="2.199" name="command-line-arguments">
		<properties>
			<property name="go.version" value="go1.16.15"></property>
		</properties>
		<testcase classname="command-line-arguments" name="Test_Get_Cad_For_Asteroid" time="2.180">
			<system-out>2022/08/18 13:09:02 2022/08/18 13:09:02.829Z::INFO::Get_Cad_for_Asteroid_test.go::18::Test desription: Test Add duplicate IMSIs for an email id&#xA;2022/08/18 13:09:02 2022/08/18 13:09:02.83Z::INFO::Get_Cad_for_Asteroid_test.go::19::***** Execution started *****&#xA;2022/08/18 13:09:02 2022/08/18 13:09:02.83Z::INFO::util_rest.go::18::++++++++++++++++++++++++++++++++++++++++++++++++++++&#xA;2022/08/18 13:09:02 2022/08/18 13:09:02.83Z::INFO::util_rest.go::19::+                    Request                       +&#xA;2022/08/18 13:09:02 2022/08/18 13:09:02.83Z::INFO::util_rest.go::20::++++++++++++++++++++++++++++++++++++++++++++++++++++&#xA;2022/08/18 13:09:02 2022/08/18 13:09:02.83Z::INFO::util_rest.go::21::API:  https://ssd-api.jpl.nasa.gov/cad.api?&#xA;2022/08/18 13:09:02 2022/08/18 13:09:02.83Z::INFO::util_rest.go::22::Request type:  GET&#xA;2022/08/18 13:09:02 2022/08/18 13:09:02.831Z::INFO::util_rest.go::23::Payload:&#xA; &#xA;2022/08/18 13:09:05 2022/08/18 13:09:05.012Z::INFO::util_rest.go::31::++++++++++++++++++++++++++++++++++++++++++++++++++++&#xA;2022/08/18 13:09:05 2022/08/18 13:09:05.012Z::INFO::util_rest.go::32::+                    Response                      +&#xA;2022/08/18 13:09:05 2022/08/18 13:09:05.014Z::INFO::util_rest.go::33::++++++++++++++++++++++++++++++++++++++++++++++++++++&#xA; {&#xA;  &#34;count&#34;: &#34;16&#34;,&#xA;  &#34;data&#34;: [&#xA;    [&#xA;      &#34;2022 PC&#34;,&#xA;      &#34;9&#34;,&#xA;      &#34;2459809.504761236&#34;,&#xA;      &#34;2022-Aug-18 00:07&#34;,&#xA;      &#34;0.0421206110494358&#34;,&#xA;      &#34;0.0419249275285948&#34;,&#xA;      &#34;0.042316280676093&#34;,&#xA;      &#34;4.06349469572279&#34;,&#xA;      &#34;4.04789729248382&#34;,&#xA;      &#34;00:02&#34;,&#xA;      &#34;23.875&#34;&#xA;    ],&#xA;    [&#xA;      &#34;2022 QC&#34;,&#xA;      &#34;1&#34;,&#xA;      &#34;2459811.740920737&#34;,&#xA;      &#34;2022-Aug-20 05:47&#34;,&#xA;      &#34;0.00667313450705664&#34;,&#xA;      &#34;0.00665710003847998&#34;,&#xA;      &#34;0.00668916877514967&#34;,&#xA;      &#34;17.5244385038933&#34;,&#xA;      &#34;17.501639232594&#34;,&#xA;      &#34;\u003c 00:01&#34;,&#xA;      &#34;25.448&#34;&#xA;    ],&#xA;    [&#xA;      &#34;2019 AV13&#34;,&#xA;      &#34;10&#34;,&#xA;      &#34;2459812.389781060&#34;,&#xA;      &#34;2022-Aug-20 21:21&#34;,&#xA;      &#34;0.0353143673270505&#34;,&#xA;      &#34;0.035313089495202&#34;,&#xA;      &#34;0.0353156451760119&#34;,&#xA;      &#34;9.17630796888364&#34;,&#xA;      &#34;9.16808198889746&#34;,&#xA;      &#34;\u003c 00:01&#34;,&#xA;      &#34;22.1&#34;&#xA;    ],&#xA;    [&#xA;      &#34;2020 QW3&#34;,&#xA;      &#34;7&#34;,&#xA;      &#34;2459813.549191925&#34;,&#xA;      &#34;2022-Aug-22 01:11&#34;,&#xA;      &#34;0.0360460339380644&#34;,&#xA;      &#34;0.0160206954481261&#34;,&#xA;      &#34;0.0678050807496053&#34;,&#xA;      &#34;18.0721291694041&#34;,&#xA;      &#34;18.0680384969892&#34;,&#xA;      &#34;1_22:13&#34;,&#xA;      &#34;25.4&#34;&#xA;    ],&#xA;    [&#xA;      &#34;2015 QH3&#34;,&#xA;      &#34;11&#34;,&#xA;      &#34;2459814.432723689&#34;,&#xA;      &#34;2022-Aug-22 22:23&#34;,&#xA;      &#34;0.0143853293288606&#34;,&#xA;      &#34;0.0132281547506209&#34;,&#xA;      &#34;0.0495050205786971&#34;,&#xA;      &#34;7.00195249981197&#34;,&#xA;      &#34;6.97544943554266&#34;,&#xA;      &#34;2_23:34&#34;,&#xA;      &#34;27.0&#34;&#xA;    ],&#xA;    [&#xA;      &#34;2017 BU&#34;,&#xA;      &#34;14&#34;,&#xA;      &#34;2459821.191030068&#34;,&#xA;      &#34;2022-Aug-29 16:35&#34;,&#xA;      &#34;0.0404748320100667&#34;,&#xA;      &#34;0.0404644260366675&#34;,&#xA;      &#34;0.0404852402725681&#34;,&#xA;      &#34;7.00254460229401&#34;,&#xA;      &#34;6.99313734043429&#34;,&#xA;      &#34;00:02&#34;,&#xA;      &#34;25.2&#34;&#xA;    ],&#xA;    [&#xA;      &#34;2021 CQ5&#34;,&#xA;      &#34;3&#34;,&#xA;      &#34;2459824.029224610&#34;,&#xA;      &#34;2022-Sep-01 12:42&#34;,&#xA;      &#34;0.0223755614958546&#34;,&#xA;      &#34;0.021435600171652&#34;,&#xA;      &#34;0.0234476758302321&#34;,&#xA;      &#34;13.5494783978798&#34;,&#xA;      &#34;13.5406870239396&#34;,&#xA;      &#34;02:09&#34;,&#xA;      &#34;28.6&#34;&#xA;    ],&#xA;    [&#xA;      &#34;2008 RW&#34;,&#xA;      &#34;11&#34;,&#xA;      &#34;2459835.326562283&#34;,&#xA;      &#34;2022-Sep-12 19:50&#34;,&#xA;      &#34;0.0447678556451492&#34;,&#xA;      &#34;0.0447672948083056&#34;,&#xA;      &#34;0.0447684164956174&#34;,&#xA;      &#34;10.2095240790597&#34;,&#xA;      &#34;10.2036927894572&#34;,&#xA;      &#34;\u003c 00:01&#34;,&#xA;      &#34;22.8&#34;&#xA;    ],&#xA;    [&#xA;      &#34;2016 HF2&#34;,&#xA;      &#34;14&#34;,&#xA;      &#34;2459851.719562383&#34;,&#xA;      &#34;2022-Sep-29 05:16&#34;,&#xA;      &#34;0.0490884894861924&#34;,&#xA;      &#34;0.0480343234894946&#34;,&#xA;      &#34;0.0505562716253399&#34;,&#xA;      &#34;5.55084337107859&#34;,&#xA;      &#34;5.54105620957593&#34;,&#xA;      &#34;10:48&#34;,&#xA;      &#34;26.1&#34;&#xA;    ],&#xA;    [&#xA;      &#34;2018 ER1&#34;,&#xA;      &#34;13&#34;,&#xA;      &#34;2459855.154430460&#34;,&#xA;      &#34;2022-Oct-02 15:42&#34;,&#xA;      &#34;0.0377199735793397&#34;,&#xA;      &#34;0.0373516586785818&#34;,&#xA;      &#34;0.0380897918629138&#34;,&#xA;      &#34;4.02649725668698&#34;,&#xA;      &#34;4.0089154790292&#34;,&#xA;      &#34;01:20&#34;,&#xA;      &#34;25.6&#34;&#xA;    ],&#xA;    [&#xA;      &#34;2018 VG&#34;,&#xA;      &#34;4&#34;,&#xA;      &#34;2459858.004484504&#34;,&#xA;      &#34;2022-Oct-05 12:06&#34;,&#xA;      &#34;0.0473319339582704&#34;,&#xA;      &#34;0.0466833504414134&#34;,&#xA;      &#34;0.0480683609140092&#34;,&#xA;      &#34;6.66693436538344&#34;,&#xA;      &#34;6.65848532849439&#34;,&#xA;      &#34;1_14:55&#34;,&#xA;      &#34;27.4&#34;&#xA;    ],&#xA;    [&#xA;      &#34;2006 SG7&#34;,&#xA;      &#34;19&#34;,&#xA;      &#34;2459859.649956719&#34;,&#xA;      &#34;2022-Oct-07 03:36&#34;,&#xA;      &#34;0.0426381854735146&#34;,&#xA;      &#34;0.0184772620802117&#34;,&#xA;      &#34;0.198230577778505&#34;,&#xA;      &#34;18.4466210888026&#34;,&#xA;      &#34;18.443233141091&#34;,&#xA;      &#34;5_17:12&#34;,&#xA;      &#34;22.9&#34;&#xA;    ],&#xA;    [&#xA;      &#34;2013 TJ6&#34;,&#xA;      &#34;9&#34;,&#xA;      &#34;2459860.324095483&#34;,&#xA;      &#34;2022-Oct-07 19:47&#34;,&#xA;      &#34;0.0300066798503956&#34;,&#xA;      &#34;0.0299138683542875&#34;,&#xA;      &#34;0.273509836860321&#34;,&#xA;      &#34;14.3687012522354&#34;,&#xA;      &#34;14.3625200874757&#34;,&#xA;      &#34;8_09:52&#34;,&#xA;      &#34;25.2&#34;&#xA;    ],&#xA;    [&#xA;      &#34;2013 SL20&#34;,&#xA;      &#34;13&#34;,&#xA;      &#34;2459866.649961129&#34;,&#xA;      &#34;2022-Oct-14 03:36&#34;,&#xA;      &#34;0.0157521196038892&#34;,&#xA;      &#34;0.0157511995464871&#34;,&#xA;      &#34;0.103875088642569&#34;,&#xA;      &#34;12.0821777699453&#34;,&#xA;      &#34;12.0681696462152&#34;,&#xA;      &#34;4_03:34&#34;,&#xA;      &#34;24.5&#34;&#xA;    ],&#xA;    [&#xA;      &#34;2020 TO2&#34;,&#xA;      &#34;7&#34;,&#xA;      &#34;2459868.460286041&#34;,&#xA;      &#34;2022-Oct-15 23:03&#34;,&#xA;      &#34;0.00358199122491309&#34;,&#xA;      &#34;0.00323378237782488&#34;,&#xA;      &#34;0.0498506713271651&#34;,&#xA;      &#34;12.5817267658203&#34;,&#xA;      &#34;12.5224654098999&#34;,&#xA;      &#34;4_12:04&#34;,&#xA;      &#34;26.43&#34;&#xA;    ],&#xA;    [&#xA;      &#34;2020 BD&#34;,&#xA;      &#34;8&#34;,&#xA;      &#34;2459868.551061674&#34;,&#xA;      &#34;2022-Oct-16 01:14&#34;,&#xA;      &#34;0.0309373143266287&#34;,&#xA;      &#34;0.0307019766717557&#34;,&#xA;      &#34;0.074543757033827&#34;,&#xA;      &#34;11.4016380668967&#34;,&#xA;      &#34;11.3940818149337&#34;,&#xA;      &#34;9_12:35&#34;,&#xA;      &#34;26.3&#34;&#xA;    ]&#xA;  ],&#xA;  &#34;fields&#34;: [&#xA;    &#34;des&#34;,&#xA;    &#34;orbit_id&#34;,&#xA;    &#34;jd&#34;,&#xA;    &#34;cd&#34;,&#xA;    &#34;dist&#34;,&#xA;    &#34;dist_min&#34;,&#xA;    &#34;dist_max&#34;,&#xA;    &#34;v_rel&#34;,&#xA;    &#34;v_inf&#34;,&#xA;    &#34;t_sigma_f&#34;,&#xA;    &#34;h&#34;&#xA;  ],&#xA;  &#34;signature&#34;: {&#xA;    &#34;source&#34;: &#34;NASA/JPL SBDB Close Approach Data API&#34;,&#xA;    &#34;version&#34;: &#34;1.4&#34;&#xA;  }&#xA;}&#xA;</system-out>
		</testcase>
	</testsuite>
</testsuites>
