<?xml version="1.0" encoding="UTF-8"?>
<testsuites>
	<testsuite tests="5" failures="0" time="33.866" name="command-line-arguments">
		<properties>
			<property name="go.version" value="go1.16.15"></property>
		</properties>
		<testcase classname="command-line-arguments" name="Test_Check_400_Response" time="1.310">
			<system-out>2022/08/20 15:59:56 2022/08/20 15:59:56.087Z::INFO::Check_For_Error_Response_test.go::12::Test description: Test for 400 bad request when request contained invalid keywords and/or content (details returned in the JSON payload)&#xA;2022/08/20 15:59:56 2022/08/20 15:59:56.087Z::INFO::Check_For_Error_Response_test.go::13::***** Execution started *****&#xA;2022/08/20 15:59:56 2022/08/20 15:59:56.087Z::INFO::util_rest.go::18::++++++++++++++++++++++++++++++++++++++++++++++++++++&#xA;2022/08/20 15:59:56 2022/08/20 15:59:56.087Z::INFO::util_rest.go::19::+                    Request                       +&#xA;2022/08/20 15:59:56 2022/08/20 15:59:56.088Z::INFO::util_rest.go::20::++++++++++++++++++++++++++++++++++++++++++++++++++++&#xA;2022/08/20 15:59:56 2022/08/20 15:59:56.088Z::INFO::util_rest.go::21::API:  https://ssd-api.jpl.nasa.gov/cad.api?dist-max=10LD&amp;date-min=2018-01-01&amp;sort=dist&amp;dist=10LD&#xA;2022/08/20 15:59:56 2022/08/20 15:59:56.088Z::INFO::util_rest.go::22::Request type:  GET&#xA;2022/08/20 15:59:56 2022/08/20 15:59:56.088Z::INFO::util_rest.go::23::Payload:&#xA; &#xA;2022/08/20 15:59:57 2022/08/20 15:59:57.393Z::INFO::util_rest.go::31::++++++++++++++++++++++++++++++++++++++++++++++++++++&#xA;2022/08/20 15:59:57 2022/08/20 15:59:57.393Z::INFO::util_rest.go::32::+                    Response                      +&#xA;2022/08/20 15:59:57 2022/08/20 15:59:57.393Z::INFO::util_rest.go::33::++++++++++++++++++++++++++++++++++++++++++++++++++++&#xA; {&#xA;  &#34;code&#34;: &#34;400&#34;,&#xA;  &#34;message&#34;: &#34;one or more query parameter was not recognized&#34;,&#xA;  &#34;moreInfo&#34;: &#34;https://ssd-api.jpl.nasa.gov/doc/cad.html&#34;&#xA;}&#xA;</system-out>
		</testcase>
		<testcase classname="command-line-arguments" name="Test_Check_405_Response" time="1.470">
			<system-out>2022/08/20 15:59:57 2022/08/20 15:59:57.393Z::INFO::Check_For_Error_Response_test.go::26::Test description: the request used an incorrect method (see the HTTP Request section)&#xA;2022/08/20 15:59:57 2022/08/20 15:59:57.393Z::INFO::Check_For_Error_Response_test.go::27::***** Execution started *****&#xA;2022/08/20 15:59:57 2022/08/20 15:59:57.393Z::INFO::util_rest.go::18::++++++++++++++++++++++++++++++++++++++++++++++++++++&#xA;2022/08/20 15:59:57 2022/08/20 15:59:57.393Z::INFO::util_rest.go::19::+                    Request                       +&#xA;2022/08/20 15:59:57 2022/08/20 15:59:57.393Z::INFO::util_rest.go::20::++++++++++++++++++++++++++++++++++++++++++++++++++++&#xA;2022/08/20 15:59:57 2022/08/20 15:59:57.393Z::INFO::util_rest.go::21::API:  https://ssd-api.jpl.nasa.gov/cad.api?dist-max=10LD&amp;date-min=2018-01-01&amp;sort=dist&#xA;2022/08/20 15:59:57 2022/08/20 15:59:57.393Z::INFO::util_rest.go::22::Request type:  PUT&#xA;2022/08/20 15:59:57 2022/08/20 15:59:57.393Z::INFO::util_rest.go::23::Payload:&#xA; &#xA;2022/08/20 15:59:58 2022/08/20 15:59:58.861Z::INFO::util_rest.go::31::++++++++++++++++++++++++++++++++++++++++++++++++++++&#xA;2022/08/20 15:59:58 2022/08/20 15:59:58.861Z::INFO::util_rest.go::32::+                    Response                      +&#xA;2022/08/20 15:59:58 2022/08/20 15:59:58.862Z::INFO::util_rest.go::33::++++++++++++++++++++++++++++++++++++++++++++++++++++&#xA; {&#xA;  &#34;code&#34;: &#34;405&#34;,&#xA;  &#34;message&#34;: &#34;Invalid HTTP method: must be GET or POST&#34;,&#xA;  &#34;moreInfo&#34;: &#34;https://ssd-api.jpl.nasa.gov/doc/cad.html&#34;&#xA;}&#xA;</system-out>
		</testcase>
		<testcase classname="command-line-arguments" name="Test_All_Cad_For_Mars" time="9.260">
			<system-out>2022/08/20 15:59:58 2022/08/20 15:59:58.862Z::INFO::Get_Cad_for_Mars_test.go::13::Test description: Verify user able to view All Close Apporch object data for mars&#xA;2022/08/20 15:59:58 2022/08/20 15:59:58.862Z::INFO::Get_Cad_for_Mars_test.go::14::***** Execution started *****&#xA;2022/08/20 15:59:58 2022/08/20 15:59:58.862Z::INFO::util_rest.go::18::++++++++++++++++++++++++++++++++++++++++++++++++++++&#xA;2022/08/20 15:59:58 2022/08/20 15:59:58.862Z::INFO::util_rest.go::19::+                    Request                       +&#xA;2022/08/20 15:59:58 2022/08/20 15:59:58.862Z::INFO::util_rest.go::20::++++++++++++++++++++++++++++++++++++++++++++++++++++&#xA;2022/08/20 15:59:58 2022/08/20 15:59:58.862Z::INFO::util_rest.go::21::API:  https://ssd-api.jpl.nasa.gov/cad.api?body=Mars&#xA;2022/08/20 15:59:58 2022/08/20 15:59:58.862Z::INFO::util_rest.go::22::Request type:  GET&#xA;2022/08/20 15:59:58 2022/08/20 15:59:58.862Z::INFO::util_rest.go::23::Payload:&#xA; &#xA;2022/08/20 16:00:08 2022/08/20 16:00:08.116Z::INFO::util_rest.go::31::++++++++++++++++++++++++++++++++++++++++++++++++++++&#xA;2022/08/20 16:00:08 2022/08/20 16:00:08.117Z::INFO::util_rest.go::32::+                    Response                      +&#xA;2022/08/20 16:00:08 2022/08/20 16:00:08.117Z::INFO::util_rest.go::33::++++++++++++++++++++++++++++++++++++++++++++++++++++&#xA; {&#xA;  &#34;count&#34;: &#34;9&#34;,&#xA;  &#34;data&#34;: [&#xA;    [&#xA;      &#34;470975&#34;,&#xA;      &#34;66&#34;,&#xA;      &#34;2459812.875401618&#34;,&#xA;      &#34;2022-Aug-21 09:01&#34;,&#xA;      &#34;0.0293880118364288&#34;,&#xA;      &#34;0.0293874488936318&#34;,&#xA;      &#34;0.0293885747920119&#34;,&#xA;      &#34;6.66300490035055&#34;,&#xA;      &#34;6.66154267768826&#34;,&#xA;      &#34;\u003c 00:01&#34;,&#xA;      &#34;21.44&#34;&#xA;    ],&#xA;    [&#xA;      &#34;136773&#34;,&#xA;      &#34;84&#34;,&#xA;      &#34;2459818.082074356&#34;,&#xA;      &#34;2022-Aug-26 13:58&#34;,&#xA;      &#34;0.0437436429566101&#34;,&#xA;      &#34;0.0437417228020106&#34;,&#xA;      &#34;0.0437455631190571&#34;,&#xA;      &#34;10.7559733760847&#34;,&#xA;      &#34;10.7553648855725&#34;,&#xA;      &#34;\u003c 00:01&#34;,&#xA;      &#34;18.65&#34;&#xA;    ],&#xA;    [&#xA;      &#34;2010 VA76&#34;,&#xA;      &#34;17&#34;,&#xA;      &#34;2459825.253148395&#34;,&#xA;      &#34;2022-Sep-02 18:05&#34;,&#xA;      &#34;0.025486008707979&#34;,&#xA;      &#34;0.0228151688110012&#34;,&#xA;      &#34;0.036695740149912&#34;,&#xA;      &#34;11.7242393352275&#34;,&#xA;      &#34;11.7232811765504&#34;,&#xA;      &#34;1_06:37&#34;,&#xA;      &#34;24.0&#34;&#xA;    ],&#xA;    [&#xA;      &#34;2009 HK73&#34;,&#xA;      &#34;13&#34;,&#xA;      &#34;2459831.321462855&#34;,&#xA;      &#34;2022-Sep-08 19:43&#34;,&#xA;      &#34;0.0468606971704619&#34;,&#xA;      &#34;0.0468573358156373&#34;,&#xA;      &#34;0.0648659075249198&#34;,&#xA;      &#34;8.78164997159857&#34;,&#xA;      &#34;8.78095424512607&#34;,&#xA;      &#34;09:16&#34;,&#xA;      &#34;26.3&#34;&#xA;    ],&#xA;    [&#xA;      &#34;2004 HF12&#34;,&#xA;      &#34;17&#34;,&#xA;      &#34;2459831.393287069&#34;,&#xA;      &#34;2022-Sep-08 21:26&#34;,&#xA;      &#34;0.0423789503308147&#34;,&#xA;      &#34;0.0422032842445836&#34;,&#xA;      &#34;0.187518179138947&#34;,&#xA;      &#34;19.5707628985659&#34;,&#xA;      &#34;19.5704177134414&#34;,&#xA;      &#34;8_16:46&#34;,&#xA;      &#34;20.5&#34;&#xA;    ],&#xA;    [&#xA;      &#34;2020 JY1&#34;,&#xA;      &#34;12&#34;,&#xA;      &#34;2459836.084085612&#34;,&#xA;      &#34;2022-Sep-13 14:01&#34;,&#xA;      &#34;0.037233056878829&#34;,&#xA;      &#34;0.0366240874610697&#34;,&#xA;      &#34;0.0411624838343045&#34;,&#xA;      &#34;8.45820440087139&#34;,&#xA;      &#34;8.45729527783297&#34;,&#xA;      &#34;07:55&#34;,&#xA;      &#34;25.4&#34;&#xA;    ],&#xA;    [&#xA;      &#34;2015 HO116&#34;,&#xA;      &#34;6&#34;,&#xA;      &#34;2459849.251270776&#34;,&#xA;      &#34;2022-Sep-26 18:02&#34;,&#xA;      &#34;0.0461930419390828&#34;,&#xA;      &#34;0.00510081054444653&#34;,&#xA;      &#34;0.115313780859569&#34;,&#xA;      &#34;13.5060196287748&#34;,&#xA;      &#34;13.5055607376781&#34;,&#xA;      &#34;19:12&#34;,&#xA;      &#34;25.5&#34;&#xA;    ],&#xA;    [&#xA;      &#34;2012 HY1&#34;,&#xA;      &#34;23&#34;,&#xA;      &#34;2459852.596844140&#34;,&#xA;      &#34;2022-Sep-30 02:19&#34;,&#xA;      &#34;0.0492634149393256&#34;,&#xA;      &#34;0.0492611992939594&#34;,&#xA;      &#34;0.049265630584759&#34;,&#xA;      &#34;12.8846292332079&#34;,&#xA;      &#34;12.8841781908231&#34;,&#xA;      &#34;\u003c 00:01&#34;,&#xA;      &#34;19.79&#34;&#xA;    ],&#xA;    [&#xA;      &#34;2020 BR16&#34;,&#xA;      &#34;12&#34;,&#xA;      &#34;2459856.687467929&#34;,&#xA;      &#34;2022-Oct-04 04:30&#34;,&#xA;      &#34;0.027625884694111&#34;,&#xA;      &#34;0.0275577954281877&#34;,&#xA;      &#34;0.0276982433845386&#34;,&#xA;      &#34;6.67941717421255&#34;,&#xA;      &#34;6.67786549523224&#34;,&#xA;      &#34;00:07&#34;,&#xA;      &#34;24.4&#34;&#xA;    ]&#xA;  ],&#xA;  &#34;fields&#34;: [&#xA;    &#34;des&#34;,&#xA;    &#34;orbit_id&#34;,&#xA;    &#34;jd&#34;,&#xA;    &#34;cd&#34;,&#xA;    &#34;dist&#34;,&#xA;    &#34;dist_min&#34;,&#xA;    &#34;dist_max&#34;,&#xA;    &#34;v_rel&#34;,&#xA;    &#34;v_inf&#34;,&#xA;    &#34;t_sigma_f&#34;,&#xA;    &#34;h&#34;&#xA;  ],&#xA;  &#34;signature&#34;: {&#xA;    &#34;source&#34;: &#34;NASA/JPL SBDB Close Approach Data API&#34;,&#xA;    &#34;version&#34;: &#34;1.4&#34;&#xA;  }&#xA;}&#xA;</system-out>
		</testcase>
		<testcase classname="command-line-arguments" name="Test_All_Cad_For_Mars_Based_Date_Sort_Date" time="15.440">
			<system-out>2022/08/20 16:00:08 2022/08/20 16:00:08.118Z::INFO::Get_Cad_for_Mars_test.go::23::Test description: Verify user able to view All Close Apporch object data for mars based on specific dates with sort based on date&#xA;2022/08/20 16:00:08 2022/08/20 16:00:08.119Z::INFO::Get_Cad_for_Mars_test.go::24::***** Execution started *****&#xA;2022/08/20 16:00:08 2022/08/20 16:00:08.119Z::INFO::util_rest.go::18::++++++++++++++++++++++++++++++++++++++++++++++++++++&#xA;2022/08/20 16:00:08 2022/08/20 16:00:08.119Z::INFO::util_rest.go::19::+                    Request                       +&#xA;2022/08/20 16:00:08 2022/08/20 16:00:08.12Z::INFO::util_rest.go::20::++++++++++++++++++++++++++++++++++++++++++++++++++++&#xA;2022/08/20 16:00:08 2022/08/20 16:00:08.12Z::INFO::util_rest.go::21::API:  https://ssd-api.jpl.nasa.gov/cad.api?body=Mars&amp;date-min=2020-01-01&amp;date-max=2022-01-01&amp;sort=date&#xA;2022/08/20 16:00:08 2022/08/20 16:00:08.121Z::INFO::util_rest.go::22::Request type:  GET&#xA;2022/08/20 16:00:08 2022/08/20 16:00:08.121Z::INFO::util_rest.go::23::Payload:&#xA; &#xA;2022/08/20 16:00:24 2022/08/20 16:00:24.797Z::INFO::util_rest.go::31::++++++++++++++++++++++++++++++++++++++++++++++++++++&#xA;2022/08/20 16:00:24 2022/08/20 16:00:24.797Z::INFO::util_rest.go::32::+                    Response                      +&#xA;2022/08/20 16:00:24 2022/08/20 16:00:24.801Z::INFO::util_rest.go::33::++++++++++++++++++++++++++++++++++++++++++++++++++++&#xA; {&#xA;  &#34;count&#34;: &#34;81&#34;,&#xA;  &#34;data&#34;: [&#xA;    [&#xA;      &#34;2017 BN92&#34;,&#xA;      &#34;10&#34;,&#xA;      &#34;2458865.458030635&#34;,&#xA;      &#34;2020-Jan-16 23:00&#34;,&#xA;      &#34;0.0359638739354819&#34;,&#xA;      &#34;0.0358268758961161&#34;,&#xA;      &#34;0.0446535454014876&#34;,&#xA;      &#34;13.8746625120481&#34;,&#xA;      &#34;13.8740887573195&#34;,&#xA;      &#34;1_07:39&#34;,&#xA;      &#34;25.6&#34;&#xA;    ],&#xA;    [&#xA;      &#34;2019 QT&#34;,&#xA;      &#34;8&#34;,&#xA;      &#34;2458871.722291262&#34;,&#xA;      &#34;2020-Jan-23 05:20&#34;,&#xA;      &#34;0.0441691053524238&#34;,&#xA;      &#34;0.0422710518605012&#34;,&#xA;      &#34;0.0461758217794176&#34;,&#xA;      &#34;25.7952965582845&#34;,&#xA;      &#34;25.7950452833432&#34;,&#xA;      &#34;01:55&#34;,&#xA;      &#34;21.2&#34;&#xA;    ],&#xA;    [&#xA;      &#34;2021 FM&#34;,&#xA;      &#34;7&#34;,&#xA;      &#34;2458892.712837579&#34;,&#xA;      &#34;2020-Feb-13 05:06&#34;,&#xA;      &#34;0.0345950859876415&#34;,&#xA;      &#34;0.0269476535526834&#34;,&#xA;      &#34;0.0456844723512624&#34;,&#xA;      &#34;10.0398122078508&#34;,&#xA;      &#34;10.0389879102842&#34;,&#xA;      &#34;10:06&#34;,&#xA;      &#34;24.76&#34;&#xA;    ],&#xA;    [&#xA;      &#34;2011 EM40&#34;,&#xA;      &#34;9&#34;,&#xA;      &#34;2458894.914246470&#34;,&#xA;      &#34;2020-Feb-15 09:57&#34;,&#xA;      &#34;0.0394594590696176&#34;,&#xA;      &#34;0.0207246026233277&#34;,&#xA;      &#34;0.111917120424215&#34;,&#xA;      &#34;8.03329365857455&#34;,&#xA;      &#34;8.03239045460509&#34;,&#xA;      &#34;5_21:58&#34;,&#xA;      &#34;28.0&#34;&#xA;    ],&#xA;    [&#xA;      &#34;2013 MX5&#34;,&#xA;      &#34;59&#34;,&#xA;      &#34;2458898.143429961&#34;,&#xA;      &#34;2020-Feb-18 15:27&#34;,&#xA;      &#34;0.0364667813955092&#34;,&#xA;      &#34;0.0364644579986285&#34;,&#xA;      &#34;0.0364691049757437&#34;,&#xA;      &#34;8.29864456750771&#34;,&#xA;      &#34;8.2976984907975&#34;,&#xA;      &#34;\u003c 00:01&#34;,&#xA;      &#34;18.9&#34;&#xA;    ],&#xA;    [&#xA;      &#34;2017 QP33&#34;,&#xA;      &#34;7&#34;,&#xA;      &#34;2458909.292900163&#34;,&#xA;      &#34;2020-Feb-29 19:02&#34;,&#xA;      &#34;0.00154059289611469&#34;,&#xA;      &#34;0.00116616313582619&#34;,&#xA;      &#34;0.0254302722460091&#34;,&#xA;      &#34;9.0264288510423&#34;,&#xA;      &#34;9.00581787983936&#34;,&#xA;      &#34;2_11:10&#34;,&#xA;      &#34;24.2&#34;&#xA;    ],&#xA;    [&#xA;      &#34;2020 WQ3&#34;,&#xA;      &#34;15&#34;,&#xA;      &#34;2458918.201920372&#34;,&#xA;      &#34;2020-Mar-09 16:51&#34;,&#xA;      &#34;0.000816590545143335&#34;,&#xA;      &#34;0.000719806844716475&#34;,&#xA;      &#34;0.00101204829615643&#34;,&#xA;      &#34;3.82283088521286&#34;,&#xA;      &#34;3.72999359638874&#34;,&#xA;      &#34;01:06&#34;,&#xA;      &#34;25.8&#34;&#xA;    ],&#xA;    [&#xA;      &#34;2012 BK11&#34;,&#xA;      &#34;21&#34;,&#xA;      &#34;2458920.875645378&#34;,&#xA;      &#34;2020-Mar-12 09:01&#34;,&#xA;      &#34;0.0149836220889054&#34;,&#xA;      &#34;0.0125952589136586&#34;,&#xA;      &#34;0.0178347424151727&#34;,&#xA;      &#34;11.6470768489759&#34;,&#xA;      &#34;11.6454362477593&#34;,&#xA;      &#34;05:30&#34;,&#xA;      &#34;22.7&#34;&#xA;    ],&#xA;    [&#xA;      &#34;2019 SW10&#34;,&#xA;      &#34;7&#34;,&#xA;      &#34;2458946.104231343&#34;,&#xA;      &#34;2020-Apr-06 14:30&#34;,&#xA;      &#34;0.0421687302016365&#34;,&#xA;      &#34;0.0420223829537185&#34;,&#xA;      &#34;0.0424790820124755&#34;,&#xA;      &#34;15.7946107847747&#34;,&#xA;      &#34;15.7941809390114&#34;,&#xA;      &#34;04:09&#34;,&#xA;      &#34;23.34&#34;&#xA;    ],&#xA;    [&#xA;      &#34;2014 HM187&#34;,&#xA;      &#34;23&#34;,&#xA;      &#34;2458959.774085468&#34;,&#xA;      &#34;2020-Apr-20 06:35&#34;,&#xA;      &#34;0.0389012111091972&#34;,&#xA;      &#34;0.0389007993866633&#34;,&#xA;      &#34;0.0389016228320605&#34;,&#xA;      &#34;3.05683566923032&#34;,&#xA;      &#34;3.05442719445758&#34;,&#xA;      &#34;\u003c 00:01&#34;,&#xA;      &#34;21.4&#34;&#xA;    ],&#xA;    [&#xA;      &#34;2021 JN2&#34;,&#xA;      &#34;8&#34;,&#xA;      &#34;2458964.204872075&#34;,&#xA;      &#34;2020-Apr-24 16:55&#34;,&#xA;      &#34;0.0476108043498795&#34;,&#xA;      &#34;0.0447260491805328&#34;,&#xA;      &#34;0.0506331797649175&#34;,&#xA;      &#34;7.77923479307189&#34;,&#xA;      &#34;7.77846178260802&#34;,&#xA;      &#34;04:30&#34;,&#xA;      &#34;23.77&#34;&#xA;    ],&#xA;    [&#xA;      &#34;2021 PQ6&#34;,&#xA;      &#34;4&#34;,&#xA;      &#34;2458969.112701573&#34;,&#xA;      &#34;2020-Apr-29 14:42&#34;,&#xA;      &#34;0.0323689864795068&#34;,&#xA;      &#34;0.0323523033779201&#34;,&#xA;      &#34;0.0323856695835866&#34;,&#xA;      &#34;6.53049365633703&#34;,&#xA;      &#34;6.52913916534656&#34;,&#xA;      &#34;00:04&#34;,&#xA;      &#34;22.95&#34;&#xA;    ],&#xA;    [&#xA;      &#34;2022 EN2&#34;,&#xA;      &#34;7&#34;,&#xA;      &#34;2458989.037895055&#34;,&#xA;      &#34;2020-May-19 12:55&#34;,&#xA;      &#34;0.00818044245000079&#34;,&#xA;      &#34;0.00175926027447749&#34;,&#xA;      &#34;0.0241189213607347&#34;,&#xA;      &#34;11.6656857186195&#34;,&#xA;      &#34;11.6626853474742&#34;,&#xA;      &#34;19:47&#34;,&#xA;      &#34;24.96&#34;&#xA;    ],&#xA;    [&#xA;      &#34;2012 DJ54&#34;,&#xA;      &#34;10&#34;,&#xA;      &#34;2459009.885586671&#34;,&#xA;      &#34;2020-Jun-09 09:15&#34;,&#xA;      &#34;0.016123372881168&#34;,&#xA;      &#34;0.0160822857565278&#34;,&#xA;      &#34;0.0194176281613404&#34;,&#xA;      &#34;4.15124211309087&#34;,&#xA;      &#34;4.14696258238252&#34;,&#xA;      &#34;6_10:57&#34;,&#xA;      &#34;28.5&#34;&#xA;    ],&#xA;    [&#xA;      &#34;2020 BX12&#34;,&#xA;      &#34;17&#34;,&#xA;      &#34;2459028.970889584&#34;,&#xA;      &#34;2020-Jun-28 11:18&#34;,&#xA;      &#34;0.0419146533198393&#34;,&#xA;      &#34;0.0419144172970949&#34;,&#xA;      &#34;0.0419148894030796&#34;,&#xA;      &#34;22.2464106992119&#34;,&#xA;      &#34;22.2461036674104&#34;,&#xA;      &#34;\u003c 00:01&#34;,&#xA;      &#34;20.63&#34;&#xA;    ],&#xA;    [&#xA;      &#34;2022 HU2&#34;,&#xA;      &#34;15&#34;,&#xA;      &#34;2459049.742159107&#34;,&#xA;      &#34;2020-Jul-19 05:49&#34;,&#xA;      &#34;0.00868630350467562&#34;,&#xA;      &#34;0.00868174404611673&#34;,&#xA;      &#34;0.00888019315534706&#34;,&#xA;      &#34;8.87898701442204&#34;,&#xA;      &#34;8.87527423983752&#34;,&#xA;      &#34;02:10&#34;,&#xA;      &#34;24.31&#34;&#xA;    ],&#xA;    [&#xA;      &#34;2020 DZ1&#34;,&#xA;      &#34;13&#34;,&#xA;      &#34;2459063.598474608&#34;,&#xA;      &#34;2020-Aug-02 02:22&#34;,&#xA;      &#34;0.0472412542897248&#34;,&#xA;      &#34;0.0465116652701767&#34;,&#xA;      &#34;0.0479782556200735&#34;,&#xA;      &#34;13.1964640433278&#34;,&#xA;      &#34;13.1960048085699&#34;,&#xA;      &#34;03:42&#34;,&#xA;      &#34;24.&#34;&#xA;    ],&#xA;    [&#xA;      &#34;2019 CR1&#34;,&#xA;      &#34;7&#34;,&#xA;      &#34;2459066.095676350&#34;,&#xA;      &#34;2020-Aug-04 14:18&#34;,&#xA;      &#34;0.0389889521581518&#34;,&#xA;      &#34;0.0257869967755727&#34;,&#xA;      &#34;0.0536621402375998&#34;,&#xA;      &#34;10.5273320688563&#34;,&#xA;      &#34;10.5266345423829&#34;,&#xA;      &#34;14:24&#34;,&#xA;      &#34;23.8&#34;&#xA;    ],&#xA;    [&#xA;      &#34;2020 RS3&#34;,&#xA;      &#34;12&#34;,&#xA;      &#34;2459069.322308487&#34;,&#xA;      &#34;2020-Aug-07 19:44&#34;,&#xA;      &#34;0.023151797561893&#34;,&#xA;      &#34;0.0231197085040111&#34;,&#xA;      &#34;0.0231949428529969&#34;,&#xA;      &#34;11.1171413525081&#34;,&#xA;      &#34;11.1160289804352&#34;,&#xA;      &#34;02:43&#34;,&#xA;      &#34;22.9&#34;&#xA;    ],&#xA;    [&#xA;      &#34;2021 TE1&#34;,&#xA;      &#34;9&#34;,&#xA;      &#34;2459075.389280165&#34;,&#xA;      &#34;2020-Aug-13 21:21&#34;,&#xA;      &#34;0.0062587043720755&#34;,&#xA;      &#34;0.00625798432932441&#34;,&#xA;      &#34;0.00652769154843278&#34;,&#xA;      &#34;8.45415775470616&#34;,&#xA;      &#34;8.44874534768905&#34;,&#xA;      &#34;23:18&#34;,&#xA;      &#34;24.44&#34;&#xA;    ],&#xA;    [&#xA;      &#34;2020 RY129&#34;,&#xA;      &#34;1&#34;,&#xA;      &#34;2459081.040142408&#34;,&#xA;      &#34;2020-Aug-19 12:58&#34;,&#xA;      &#34;0.0374110912107889&#34;,&#xA;      &#34;0.0374095205433173&#34;,&#xA;      &#34;0.03741267088214&#34;,&#xA;      &#34;6.94335233802712&#34;,&#xA;      &#34;6.9422501109248&#34;,&#xA;      &#34;00:24&#34;,&#xA;      &#34;21.38&#34;&#xA;    ],&#xA;    [&#xA;      &#34;2019 RD2&#34;,&#xA;      &#34;2&#34;,&#xA;      &#34;2459088.150737100&#34;,&#xA;      &#34;2020-Aug-26 15:37&#34;,&#xA;      &#34;0.0221721215170531&#34;,&#xA;      &#34;0.0180745805749796&#34;,&#xA;      &#34;0.0316388635332849&#34;,&#xA;      &#34;10.9930398276636&#34;,&#xA;      &#34;10.9918651888564&#34;,&#xA;      &#34;3_03:46&#34;,&#xA;      &#34;23.6&#34;&#xA;    ],&#xA;    [&#xA;      &#34;2013 HT150&#34;,&#xA;      &#34;9&#34;,&#xA;      &#34;2459088.184696543&#34;,&#xA;      &#34;2020-Aug-26 16:26&#34;,&#xA;      &#34;0.0354303296577904&#34;,&#xA;      &#34;0.0353877528927878&#34;,&#xA;      &#34;0.0354729064769752&#34;,&#xA;      &#34;15.9009681207069&#34;,&#xA;      &#34;15.9004599444469&#34;,&#xA;      &#34;00:02&#34;,&#xA;      &#34;24.4&#34;&#xA;    ],&#xA;    [&#xA;      &#34;2016 ED85&#34;,&#xA;      &#34;127&#34;,&#xA;      &#34;2459090.976468347&#34;,&#xA;      &#34;2020-Aug-29 11:26&#34;,&#xA;      &#34;0.040184242678515&#34;,&#xA;      &#34;0.040183836608475&#34;,&#xA;      &#34;0.0401846487486121&#34;,&#xA;      &#34;16.6205489911557&#34;,&#xA;      &#34;16.6201203334447&#34;,&#xA;      &#34;\u003c 00:01&#34;,&#xA;      &#34;17.64&#34;&#xA;    ],&#xA;    [&#xA;      &#34;2020 VY5&#34;,&#xA;      &#34;5&#34;,&#xA;      &#34;2459100.760857794&#34;,&#xA;      &#34;2020-Sep-08 06:16&#34;,&#xA;      &#34;0.0128584921248783&#34;,&#xA;      &#34;0.0125448588773038&#34;,&#xA;      &#34;0.0131728124786439&#34;,&#xA;      &#34;10.5726826886706&#34;,&#xA;      &#34;10.5705766118452&#34;,&#xA;      &#34;01:36&#34;,&#xA;      &#34;24.3&#34;&#xA;    ],&#xA;    [&#xA;      &#34;2020 WO&#34;,&#xA;      &#34;10&#34;,&#xA;      &#34;2459104.523771476&#34;,&#xA;      &#34;2020-Sep-12 00:34&#34;,&#xA;      &#34;0.0453138630121269&#34;,&#xA;      &#34;0.0448287751040074&#34;,&#xA;      &#34;0.0458026714561555&#34;,&#xA;      &#34;10.8299451783027&#34;,&#xA;      &#34;10.8293617862014&#34;,&#xA;      &#34;06:40&#34;,&#xA;      &#34;25.8&#34;&#xA;    ],&#xA;    [&#xA;      &#34;2021 AS5&#34;,&#xA;      &#34;11&#34;,&#xA;      &#34;2459106.708924566&#34;,&#xA;      &#34;2020-Sep-14 05:01&#34;,&#xA;      &#34;0.0291734955813472&#34;,&#xA;      &#34;0.0291709116160854&#34;,&#xA;      &#34;0.0291763647029558&#34;,&#xA;      &#34;9.55163473915612&#34;,&#xA;      &#34;9.55060728281753&#34;,&#xA;      &#34;01:15&#34;,&#xA;      &#34;26.3&#34;&#xA;    ],&#xA;    [&#xA;      &#34;2020 WY3&#34;,&#xA;      &#34;3&#34;,&#xA;      &#34;2459111.610556745&#34;,&#xA;      &#34;2020-Sep-19 02:39&#34;,&#xA;      &#34;0.0474608537683635&#34;,&#xA;      &#34;0.0466133888012393&#34;,&#xA;      &#34;0.0483166854203645&#34;,&#xA;      &#34;12.8325076516969&#34;,&#xA;      &#34;12.8320375767896&#34;,&#xA;      &#34;09:17&#34;,&#xA;      &#34;27.8&#34;&#xA;    ],&#xA;    [&#xA;      &#34;2021 AE2&#34;,&#xA;      &#34;16&#34;,&#xA;      &#34;2459115.211458636&#34;,&#xA;      &#34;2020-Sep-22 17:05&#34;,&#xA;      &#34;0.00933891576369827&#34;,&#xA;      &#34;0.00931514073743365&#34;,&#xA;      &#34;0.00936269454386156&#34;,&#xA;      &#34;10.7210755516539&#34;,&#xA;      &#34;10.7182157935172&#34;,&#xA;      &#34;00:25&#34;,&#xA;      &#34;24.87&#34;&#xA;    ],&#xA;    [&#xA;      &#34;2019 BZ4&#34;,&#xA;      &#34;6&#34;,&#xA;      &#34;2459116.961504182&#34;,&#xA;      &#34;2020-Sep-24 11:05&#34;,&#xA;      &#34;0.0435595639276854&#34;,&#xA;      &#34;0.0435586352743491&#34;,&#xA;      &#34;0.0435604925843843&#34;,&#xA;      &#34;11.4533729871805&#34;,&#xA;      &#34;11.4527991348558&#34;,&#xA;      &#34;\u003c 00:01&#34;,&#xA;      &#34;26.25&#34;&#xA;    ],&#xA;    [&#xA;      &#34;2020 JL2&#34;,&#xA;      &#34;7&#34;,&#xA;      &#34;2459118.584780949&#34;,&#xA;      &#34;2020-Sep-26 02:02&#34;,&#xA;      &#34;0.0168254611156505&#34;,&#xA;      &#34;0.0166413527553064&#34;,&#xA;      &#34;0.0170112669542021&#34;,&#xA;      &#34;12.4540591614629&#34;,&#xA;      &#34;12.4526928424343&#34;,&#xA;      &#34;02:34&#34;,&#xA;      &#34;23.5&#34;&#xA;    ],&#xA;    [&#xA;      &#34;2014 FA44&#34;,&#xA;      &#34;30&#34;,&#xA;      &#34;2459119.085462178&#34;,&#xA;      &#34;2020-Sep-26 14:03&#34;,&#xA;      &#34;0.046040552572914&#34;,&#xA;      &#34;0.0432074714163899&#34;,&#xA;      &#34;0.0489278774831822&#34;,&#xA;      &#34;3.53007836109946&#34;,&#xA;      &#34;3.52831642677707&#34;,&#xA;      &#34;2_06:48&#34;,&#xA;      &#34;24.8&#34;&#xA;    ],&#xA;    [&#xA;      &#34;2012 HG2&#34;,&#xA;      &#34;33&#34;,&#xA;      &#34;2459122.650747227&#34;,&#xA;      &#34;2020-Sep-30 03:37&#34;,&#xA;      &#34;0.0452508193951947&#34;,&#xA;      &#34;0.0416228515751879&#34;,&#xA;      &#34;0.049042351751607&#34;,&#xA;      &#34;4.89206600038651&#34;,&#xA;      &#34;4.89077256465623&#34;,&#xA;      &#34;17:30&#34;,&#xA;      &#34;27.0&#34;&#xA;    ],&#xA;    [&#xA;      &#34;2020 KN2&#34;,&#xA;      &#34;13&#34;,&#xA;      &#34;2459124.111066704&#34;,&#xA;      &#34;2020-Oct-01 14:40&#34;,&#xA;      &#34;0.0154475470989195&#34;,&#xA;      &#34;0.0154207407625&#34;,&#xA;      &#34;0.0154788510496789&#34;,&#xA;      &#34;10.014698090017&#34;,&#xA;      &#34;10.0128473350012&#34;,&#xA;      &#34;05:50&#34;,&#xA;      &#34;26.37&#34;&#xA;    ],&#xA;    [&#xA;      &#34;2020 RZ9&#34;,&#xA;      &#34;17&#34;,&#xA;      &#34;2459126.591432182&#34;,&#xA;      &#34;2020-Oct-04 02:12&#34;,&#xA;      &#34;0.0466242774708268&#34;,&#xA;      &#34;0.0465868584117742&#34;,&#xA;      &#34;0.0466616967554026&#34;,&#xA;      &#34;16.8181960909975&#34;,&#xA;      &#34;16.8178309846524&#34;,&#xA;      &#34;00:07&#34;,&#xA;      &#34;21.2&#34;&#xA;    ],&#xA;    [&#xA;      &#34;2020 SH1&#34;,&#xA;      &#34;2&#34;,&#xA;      &#34;2459138.580716941&#34;,&#xA;      &#34;2020-Oct-16 01:56&#34;,&#xA;      &#34;0.0466064631958603&#34;,&#xA;      &#34;0&#34;,&#xA;      &#34;0.132020146877698&#34;,&#xA;      &#34;8.31507599908579&#34;,&#xA;      &#34;8.31433722251103&#34;,&#xA;      &#34;2_06:44&#34;,&#xA;      &#34;21.603&#34;&#xA;    ],&#xA;    [&#xA;      &#34;2019 SV4&#34;,&#xA;      &#34;33&#34;,&#xA;      &#34;2459146.668367926&#34;,&#xA;      &#34;2020-Oct-24 04:02&#34;,&#xA;      &#34;0.0450374327912578&#34;,&#xA;      &#34;0.045037134972165&#34;,&#xA;      &#34;0.0450377306104428&#34;,&#xA;      &#34;13.8140498628301&#34;,&#xA;      &#34;13.8135896923236&#34;,&#xA;      &#34;\u003c 00:01&#34;,&#xA;      &#34;21.25&#34;&#xA;    ],&#xA;    [&#xA;      &#34;2020 TH5&#34;,&#xA;      &#34;50&#34;,&#xA;      &#34;2459147.416336990&#34;,&#xA;      &#34;2020-Oct-24 22:00&#34;,&#xA;      &#34;0.0492019344883452&#34;,&#xA;      &#34;0.049201696744599&#34;,&#xA;      &#34;0.0492021722323458&#34;,&#xA;      &#34;12.6105668978113&#34;,&#xA;      &#34;12.6101054768182&#34;,&#xA;      &#34;\u003c 00:01&#34;,&#xA;      &#34;21.05&#34;&#xA;    ],&#xA;    [&#xA;      &#34;2020 RA3&#34;,&#xA;      &#34;15&#34;,&#xA;      &#34;2459149.473285444&#34;,&#xA;      &#34;2020-Oct-26 23:22&#34;,&#xA;      &#34;0.0413815596330905&#34;,&#xA;      &#34;0.0413384031988017&#34;,&#xA;      &#34;0.041424792601315&#34;,&#xA;      &#34;7.364730854799&#34;,&#xA;      &#34;7.36379141239749&#34;,&#xA;      &#34;00:31&#34;,&#xA;      &#34;22.0&#34;&#xA;    ],&#xA;    [&#xA;      &#34;2017 GO6&#34;,&#xA;      &#34;40&#34;,&#xA;      &#34;2459154.065627878&#34;,&#xA;      &#34;2020-Oct-31 13:35&#34;,&#xA;      &#34;0.0374274355298721&#34;,&#xA;      &#34;0.0374268415928633&#34;,&#xA;      &#34;0.0374280294695636&#34;,&#xA;      &#34;18.2630734179771&#34;,&#xA;      &#34;18.2626545788586&#34;,&#xA;      &#34;\u003c 00:01&#34;,&#xA;      &#34;19.40&#34;&#xA;    ],&#xA;    [&#xA;      &#34;2020 RG10&#34;,&#xA;      &#34;2&#34;,&#xA;      &#34;2459154.622471516&#34;,&#xA;      &#34;2020-Nov-01 02:56&#34;,&#xA;      &#34;0.0248933820837906&#34;,&#xA;      &#34;0.0247119924386705&#34;,&#xA;      &#34;0.0250753127852943&#34;,&#xA;      &#34;13.9920167268022&#34;,&#xA;      &#34;13.991194759146&#34;,&#xA;      &#34;02:26&#34;,&#xA;      &#34;28.8&#34;&#xA;    ],&#xA;    [&#xA;      &#34;2021 EG2&#34;,&#xA;      &#34;5&#34;,&#xA;      &#34;2459154.973087494&#34;,&#xA;      &#34;2020-Nov-01 11:21&#34;,&#xA;      &#34;0.0451249861961513&#34;,&#xA;      &#34;0.0440916324053351&#34;,&#xA;      &#34;0.0461698933496574&#34;,&#xA;      &#34;15.5267971756482&#34;,&#xA;      &#34;15.5263885619276&#34;,&#xA;      &#34;11:32&#34;,&#xA;      &#34;25.91&#34;&#xA;    ],&#xA;    [&#xA;      &#34;2020 SA5&#34;,&#xA;      &#34;3&#34;,&#xA;      &#34;2459155.872707813&#34;,&#xA;      &#34;2020-Nov-02 08:57&#34;,&#xA;      &#34;0.0373176838374102&#34;,&#xA;      &#34;0.036604696866003&#34;,&#xA;      &#34;0.0380436738413427&#34;,&#xA;      &#34;16.5870707680394&#34;,&#xA;      &#34;16.5866082508591&#34;,&#xA;      &#34;10:26&#34;,&#xA;      &#34;25.3&#34;&#xA;    ],&#xA;    [&#xA;      &#34;2020 QH6&#34;,&#xA;      &#34;3&#34;,&#xA;      &#34;2459157.184551149&#34;,&#xA;      &#34;2020-Nov-03 16:26&#34;,&#xA;      &#34;0.0493120599686796&#34;,&#xA;      &#34;0.0487248488490148&#34;,&#xA;      &#34;0.0499237835448491&#34;,&#xA;      &#34;10.9613792453938&#34;,&#xA;      &#34;10.9608495839785&#34;,&#xA;      &#34;13:52&#34;,&#xA;      &#34;27.8&#34;&#xA;    ],&#xA;    [&#xA;      &#34;2021 FF1&#34;,&#xA;      &#34;14&#34;,&#xA;      &#34;2459157.983310717&#34;,&#xA;      &#34;2020-Nov-04 11:36&#34;,&#xA;      &#34;0.0319616641639799&#34;,&#xA;      &#34;0.0319548217103296&#34;,&#xA;      &#34;0.0319688368501968&#34;,&#xA;      &#34;14.6150564710478&#34;,&#xA;      &#34;14.6144435769804&#34;,&#xA;      &#34;01:41&#34;,&#xA;      &#34;25.07&#34;&#xA;    ],&#xA;    [&#xA;      &#34;2020 RC8&#34;,&#xA;      &#34;2&#34;,&#xA;      &#34;2459159.143548436&#34;,&#xA;      &#34;2020-Nov-05 15:27&#34;,&#xA;      &#34;0.0364081360449168&#34;,&#xA;      &#34;0.0352119586999165&#34;,&#xA;      &#34;0.0376067882708743&#34;,&#xA;      &#34;11.7069780356573&#34;,&#xA;      &#34;11.7063063355724&#34;,&#xA;      &#34;10:25&#34;,&#xA;      &#34;26.95&#34;&#xA;    ],&#xA;    [&#xA;      &#34;2020 SW5&#34;,&#xA;      &#34;4&#34;,&#xA;      &#34;2459161.059169616&#34;,&#xA;      &#34;2020-Nov-07 13:25&#34;,&#xA;      &#34;0.0328529591520938&#34;,&#xA;      &#34;0.0322033301575577&#34;,&#xA;      &#34;0.033502950121395&#34;,&#xA;      &#34;14.3384306514137&#34;,&#xA;      &#34;14.3378228813798&#34;,&#xA;      &#34;08:27&#34;,&#xA;      &#34;25.8&#34;&#xA;    ],&#xA;    [&#xA;      &#34;2020 PY3&#34;,&#xA;      &#34;13&#34;,&#xA;      &#34;2459163.256710631&#34;,&#xA;      &#34;2020-Nov-09 18:10&#34;,&#xA;      &#34;0.0420908332304223&#34;,&#xA;      &#34;0.0420479383002305&#34;,&#xA;      &#34;0.042133729124683&#34;,&#xA;      &#34;8.67290835201021&#34;,&#xA;      &#34;8.67212406765927&#34;,&#xA;      &#34;00:21&#34;,&#xA;      &#34;23.8&#34;&#xA;    ],&#xA;    [&#xA;      &#34;2006 HY5&#34;,&#xA;      &#34;14&#34;,&#xA;      &#34;2459163.582063939&#34;,&#xA;      &#34;2020-Nov-10 01:58&#34;,&#xA;      &#34;0.0424683374168894&#34;,&#xA;      &#34;0.0424662910865449&#34;,&#xA;      &#34;0.0424703838551997&#34;,&#xA;      &#34;15.9161020682965&#34;,&#xA;      &#34;15.9156785131171&#34;,&#xA;      &#34;\u003c 00:01&#34;,&#xA;      &#34;20.2&#34;&#xA;    ],&#xA;    [&#xA;      &#34;2020 TR8&#34;,&#xA;      &#34;3&#34;,&#xA;      &#34;2459164.311184872&#34;,&#xA;      &#34;2020-Nov-10 19:28&#34;,&#xA;      &#34;0.0283269045541303&#34;,&#xA;      &#34;0.0279883391977151&#34;,&#xA;      &#34;0.0286702760737785&#34;,&#xA;      &#34;21.9114863013825&#34;,&#xA;      &#34;21.9110250477417&#34;,&#xA;      &#34;06:16&#34;,&#xA;      &#34;25.9&#34;&#xA;    ],&#xA;    [&#xA;      &#34;2021 JA&#34;,&#xA;      &#34;4&#34;,&#xA;      &#34;2459169.452013204&#34;,&#xA;      &#34;2020-Nov-15 22:51&#34;,&#xA;      &#34;0.0259449937410974&#34;,&#xA;      &#34;0.025781795568431&#34;,&#xA;      &#34;0.0261326404877698&#34;,&#xA;      &#34;14.1852144754207&#34;,&#xA;      &#34;14.1844365667282&#34;,&#xA;      &#34;10:34&#34;,&#xA;      &#34;24.06&#34;&#xA;    ],&#xA;    [&#xA;      &#34;2020 UK5&#34;,&#xA;      &#34;14&#34;,&#xA;      &#34;2459171.935498352&#34;,&#xA;      &#34;2020-Nov-18 10:27&#34;,&#xA;      &#34;0.025332046377816&#34;,&#xA;      &#34;0.0253282835996746&#34;,&#xA;      &#34;0.0253358093665415&#34;,&#xA;      &#34;14.8994571825423&#34;,&#xA;      &#34;14.898698645966&#34;,&#xA;      &#34;\u003c 00:01&#34;,&#xA;      &#34;21.16&#34;&#xA;    ],&#xA;    [&#xA;      &#34;2020 PR3&#34;,&#xA;      &#34;37&#34;,&#xA;      &#34;2459178.369084292&#34;,&#xA;      &#34;2020-Nov-24 20:51&#34;,&#xA;      &#34;0.0439573954200284&#34;,&#xA;      &#34;0.0437470984518945&#34;,&#xA;      &#34;0.0441678238870142&#34;,&#xA;      &#34;7.96079350825147&#34;,&#xA;      &#34;7.95997534456468&#34;,&#xA;      &#34;01:46&#34;,&#xA;      &#34;23.03&#34;&#xA;    ],&#xA;    [&#xA;      &#34;2020 SN5&#34;,&#xA;      &#34;3&#34;,&#xA;      &#34;2459180.024712142&#34;,&#xA;      &#34;2020-Nov-26 12:36&#34;,&#xA;      &#34;0.00784107234870121&#34;,&#xA;      &#34;0.00780940720986607&#34;,&#xA;      &#34;0.0079001932744254&#34;,&#xA;      &#34;10.0113248306818&#34;,&#xA;      &#34;10.0076771374681&#34;,&#xA;      &#34;08:14&#34;,&#xA;      &#34;28.12&#34;&#xA;    ],&#xA;    [&#xA;      &#34;2021 MK5&#34;,&#xA;      &#34;6&#34;,&#xA;      &#34;2459192.635653703&#34;,&#xA;      &#34;2020-Dec-09 03:15&#34;,&#xA;      &#34;0.0454362461040723&#34;,&#xA;      &#34;0.0453775207754721&#34;,&#xA;      &#34;0.0454951508876598&#34;,&#xA;      &#34;11.9315812158875&#34;,&#xA;      &#34;11.9310531168705&#34;,&#xA;      &#34;00:30&#34;,&#xA;      &#34;21.79&#34;&#xA;    ],&#xA;    [&#xA;      &#34;2013 TV144&#34;,&#xA;      &#34;63&#34;,&#xA;      &#34;2459198.667796872&#34;,&#xA;      &#34;2020-Dec-15 04:02&#34;,&#xA;      &#34;0.0464114422375897&#34;,&#xA;      &#34;0.0464103861865934&#34;,&#xA;      &#34;0.0464124982902374&#34;,&#xA;      &#34;5.47436518712143&#34;,&#xA;      &#34;5.47323826976933&#34;,&#xA;      &#34;\u003c 00:01&#34;,&#xA;      &#34;20.7&#34;&#xA;    ],&#xA;    [&#xA;      &#34;2016 CN195&#34;,&#xA;      &#34;8&#34;,&#xA;      &#34;2459198.779021203&#34;,&#xA;      &#34;2020-Dec-15 06:42&#34;,&#xA;      &#34;0.0254809607551276&#34;,&#xA;      &#34;0.0218435152008991&#34;,&#xA;      &#34;0.115090636785105&#34;,&#xA;      &#34;11.8483404281925&#34;,&#xA;      &#34;11.8473921183672&#34;,&#xA;      &#34;6_11:56&#34;,&#xA;      &#34;25.6&#34;&#xA;    ],&#xA;    [&#xA;      &#34;2019 CC3&#34;,&#xA;      &#34;13&#34;,&#xA;      &#34;2459212.789553228&#34;,&#xA;      &#34;2020-Dec-29 06:57&#34;,&#xA;      &#34;0.0455197879637455&#34;,&#xA;      &#34;0.0430565837355301&#34;,&#xA;      &#34;0.0501104923816826&#34;,&#xA;      &#34;11.2464012006443&#34;,&#xA;      &#34;11.2458419542557&#34;,&#xA;      &#34;15:07&#34;,&#xA;      &#34;25.8&#34;&#xA;    ],&#xA;    [&#xA;      &#34;2020 KM4&#34;,&#xA;      &#34;5&#34;,&#xA;      &#34;2459220.595189011&#34;,&#xA;      &#34;2021-Jan-06 02:17&#34;,&#xA;      &#34;0.0346805231252842&#34;,&#xA;      &#34;0.0346058478555983&#34;,&#xA;      &#34;0.0347613999629209&#34;,&#xA;      &#34;3.00447251547318&#34;,&#xA;      &#34;3.00172366551466&#34;,&#xA;      &#34;08:38&#34;,&#xA;      &#34;27.9&#34;&#xA;    ],&#xA;    [&#xA;      &#34;2013 GD34&#34;,&#xA;      &#34;11&#34;,&#xA;      &#34;2459228.797098054&#34;,&#xA;      &#34;2021-Jan-14 07:08&#34;,&#xA;      &#34;0.0244035349491576&#34;,&#xA;      &#34;0.0242979197568686&#34;,&#xA;      &#34;0.0245091620757406&#34;,&#xA;      &#34;8.3908365919583&#34;,&#xA;      &#34;8.38943834341311&#34;,&#xA;      &#34;00:24&#34;,&#xA;      &#34;22.1&#34;&#xA;    ],&#xA;    [&#xA;      &#34;2020 SG6&#34;,&#xA;      &#34;2&#34;,&#xA;      &#34;2459239.633211800&#34;,&#xA;      &#34;2021-Jan-25 03:12&#34;,&#xA;      &#34;0.034641257506829&#34;,&#xA;      &#34;0.0334925548091147&#34;,&#xA;      &#34;0.0357899648029996&#34;,&#xA;      &#34;4.39079150425492&#34;,&#xA;      &#34;4.38890888349225&#34;,&#xA;      &#34;2_05:32&#34;,&#xA;      &#34;29.3&#34;&#xA;    ],&#xA;    [&#xA;      &#34;2017 BM93&#34;,&#xA;      &#34;7&#34;,&#xA;      &#34;2459242.985527778&#34;,&#xA;      &#34;2021-Jan-28 11:39&#34;,&#xA;      &#34;0.0223839433833103&#34;,&#xA;      &#34;0.000302728960511078&#34;,&#xA;      &#34;0.119183682352462&#34;,&#xA;      &#34;13.5947329354168&#34;,&#xA;      &#34;13.5937920993841&#34;,&#xA;      &#34;4_14:18&#34;,&#xA;      &#34;26.5&#34;&#xA;    ],&#xA;    [&#xA;      &#34;2012 MQ3&#34;,&#xA;      &#34;27&#34;,&#xA;      &#34;2459249.754164184&#34;,&#xA;      &#34;2021-Feb-04 06:06&#34;,&#xA;      &#34;0.0134010188452324&#34;,&#xA;      &#34;0.0134004886513801&#34;,&#xA;      &#34;0.0134015491949218&#34;,&#xA;      &#34;4.06151001875729&#34;,&#xA;      &#34;4.05624666766597&#34;,&#xA;      &#34;\u003c 00:01&#34;,&#xA;      &#34;22.3&#34;&#xA;    ],&#xA;    [&#xA;      &#34;2006 SR19&#34;,&#xA;      &#34;24&#34;,&#xA;      &#34;2459260.748369842&#34;,&#xA;      &#34;2021-Feb-15 05:58&#34;,&#xA;      &#34;0.0485252199363582&#34;,&#xA;      &#34;0.0467051048774418&#34;,&#xA;      &#34;0.0680642370260465&#34;,&#xA;      &#34;9.17646566922943&#34;,&#xA;      &#34;9.17582271737838&#34;,&#xA;      &#34;5_21:47&#34;,&#xA;      &#34;21.9&#34;&#xA;    ],&#xA;    [&#xA;      &#34;2020 SF4&#34;,&#xA;      &#34;5&#34;,&#xA;      &#34;2459263.250126068&#34;,&#xA;      &#34;2021-Feb-17 18:00&#34;,&#xA;      &#34;0.0134277699346137&#34;,&#xA;      &#34;0.010924358023909&#34;,&#xA;      &#34;0.0164959556169891&#34;,&#xA;      &#34;3.26557499523535&#34;,&#xA;      &#34;3.25903951599881&#34;,&#xA;      &#34;3_16:49&#34;,&#xA;      &#34;26.2&#34;&#xA;    ],&#xA;    [&#xA;      &#34;2008 TA&#34;,&#xA;      &#34;14&#34;,&#xA;      &#34;2459309.844053075&#34;,&#xA;      &#34;2021-Apr-05 08:15&#34;,&#xA;      &#34;0.0162922515223652&#34;,&#xA;      &#34;0.0162162269913577&#34;,&#xA;      &#34;0.0163683609103441&#34;,&#xA;      &#34;16.4669781315932&#34;,&#xA;      &#34;16.4659109821294&#34;,&#xA;      &#34;00:02&#34;,&#xA;      &#34;24.05&#34;&#xA;    ],&#xA;    [&#xA;      &#34;2015 WP2&#34;,&#xA;      &#34;4&#34;,&#xA;      &#34;2459322.205917252&#34;,&#xA;      &#34;2021-Apr-17 16:57&#34;,&#xA;      &#34;0.0338963913780932&#34;,&#xA;      &#34;0.00693531138868336&#34;,&#xA;      &#34;0.0739947525043981&#34;,&#xA;      &#34;9.16445754094484&#34;,&#xA;      &#34;9.16353588717767&#34;,&#xA;      &#34;22:07&#34;,&#xA;      &#34;30.1&#34;&#xA;    ],&#xA;    [&#xA;      &#34;2013 TG4&#34;,&#xA;      &#34;20&#34;,&#xA;      &#34;2459340.895465803&#34;,&#xA;      &#34;2021-May-06 09:29&#34;,&#xA;      &#34;0.0467754724471137&#34;,&#xA;      &#34;0.0428987372607563&#34;,&#xA;      &#34;0.0507540446852163&#34;,&#xA;      &#34;6.49517329294467&#34;,&#xA;      &#34;6.49423090705548&#34;,&#xA;      &#34;10:48&#34;,&#xA;      &#34;21.8&#34;&#xA;    ],&#xA;    [&#xA;      &#34;2018 MH&#34;,&#xA;      &#34;20&#34;,&#xA;      &#34;2459368.406584955&#34;,&#xA;      &#34;2021-Jun-02 21:45&#34;,&#xA;      &#34;0.0400836972523788&#34;,&#xA;      &#34;0.0372343340590171&#34;,&#xA;      &#34;0.0429513816907704&#34;,&#xA;      &#34;7.10088932432364&#34;,&#xA;      &#34;7.09988342054912&#34;,&#xA;      &#34;03:20&#34;,&#xA;      &#34;23.92&#34;&#xA;    ],&#xA;    [&#xA;      &#34;2011 BY18&#34;,&#xA;      &#34;20&#34;,&#xA;      &#34;2459375.953515230&#34;,&#xA;      &#34;2021-Jun-10 10:53&#34;,&#xA;      &#34;0.0457502144332166&#34;,&#xA;      &#34;0.0457440465260307&#34;,&#xA;      &#34;0.0457563848627102&#34;,&#xA;      &#34;19.7565441547642&#34;,&#xA;      &#34;19.7562274128327&#34;,&#xA;      &#34;00:01&#34;,&#xA;      &#34;20.8&#34;&#xA;    ],&#xA;    [&#xA;      &#34;2011 QS49&#34;,&#xA;      &#34;14&#34;,&#xA;      &#34;2459388.449167715&#34;,&#xA;      &#34;2021-Jun-22 22:47&#34;,&#xA;      &#34;0.0473630897541298&#34;,&#xA;      &#34;0.0299780477148338&#34;,&#xA;      &#34;0.187809406419753&#34;,&#xA;      &#34;6.36713841251853&#34;,&#xA;      &#34;6.36618900152513&#34;,&#xA;      &#34;3_03:58&#34;,&#xA;      &#34;24.2&#34;&#xA;    ],&#xA;    [&#xA;      &#34;2002 QW47&#34;,&#xA;      &#34;20&#34;,&#xA;      &#34;2459400.931326110&#34;,&#xA;      &#34;2021-Jul-05 10:21&#34;,&#xA;      &#34;0.0334212722525108&#34;,&#xA;      &#34;0.0334127033262116&#34;,&#xA;      &#34;0.0334298423106167&#34;,&#xA;      &#34;12.2704893161908&#34;,&#xA;      &#34;12.2697911903915&#34;,&#xA;      &#34;00:01&#34;,&#xA;      &#34;20.5&#34;&#xA;    ],&#xA;    [&#xA;      &#34;2018 EQ1&#34;,&#xA;      &#34;4&#34;,&#xA;      &#34;2459429.092356619&#34;,&#xA;      &#34;2021-Aug-02 14:13&#34;,&#xA;      &#34;0.0194054004684892&#34;,&#xA;      &#34;0.0190300835269483&#34;,&#xA;      &#34;0.0198410749669147&#34;,&#xA;      &#34;14.0874222683602&#34;,&#xA;      &#34;14.0863749753764&#34;,&#xA;      &#34;02:10&#34;,&#xA;      &#34;21.2&#34;&#xA;    ],&#xA;    [&#xA;      &#34;2017 SZ19&#34;,&#xA;      &#34;3&#34;,&#xA;      &#34;2459438.257832186&#34;,&#xA;      &#34;2021-Aug-11 18:11&#34;,&#xA;      &#34;0.0471762673029789&#34;,&#xA;      &#34;0.0471474848776173&#34;,&#xA;      &#34;0.059419217301688&#34;,&#xA;      &#34;3.70579378483866&#34;,&#xA;      &#34;3.70415584722158&#34;,&#xA;      &#34;8_15:49&#34;,&#xA;      &#34;27.6&#34;&#xA;    ],&#xA;    [&#xA;      &#34;2011 SO5&#34;,&#xA;      &#34;10&#34;,&#xA;      &#34;2459458.378033881&#34;,&#xA;      &#34;2021-Aug-31 21:04&#34;,&#xA;      &#34;0.0442846763316844&#34;,&#xA;      &#34;0.0413218943949687&#34;,&#xA;      &#34;0.167642816228841&#34;,&#xA;      &#34;13.1632977401128&#34;,&#xA;      &#34;13.1628066105062&#34;,&#xA;      &#34;8_03:20&#34;,&#xA;      &#34;25.5&#34;&#xA;    ],&#xA;    [&#xA;      &#34;2020 FS1&#34;,&#xA;      &#34;12&#34;,&#xA;      &#34;2459523.056750149&#34;,&#xA;      &#34;2021-Nov-04 13:22&#34;,&#xA;      &#34;0.0319646914091146&#34;,&#xA;      &#34;0.0304573482382857&#34;,&#xA;      &#34;0.033476055613508&#34;,&#xA;      &#34;13.483804109913&#34;,&#xA;      &#34;13.4831398562779&#34;,&#xA;      &#34;00:15&#34;,&#xA;      &#34;21.1&#34;&#xA;    ],&#xA;    [&#xA;      &#34;163295&#34;,&#xA;      &#34;40&#34;,&#xA;      &#34;2459524.853731525&#34;,&#xA;      &#34;2021-Nov-06 08:29&#34;,&#xA;      &#34;0.0222574645352162&#34;,&#xA;      &#34;0.0222538439915128&#34;,&#xA;      &#34;0.022261085173075&#34;,&#xA;      &#34;17.3770850429831&#34;,&#xA;      &#34;17.3763448195551&#34;,&#xA;      &#34;\u003c 00:01&#34;,&#xA;      &#34;19.49&#34;&#xA;    ],&#xA;    [&#xA;      &#34;2009 WJ1&#34;,&#xA;      &#34;17&#34;,&#xA;      &#34;2459542.165180282&#34;,&#xA;      &#34;2021-Nov-23 15:58&#34;,&#xA;      &#34;0.0419386445375428&#34;,&#xA;      &#34;0.0272840664694455&#34;,&#xA;      &#34;0.0733080998240255&#34;,&#xA;      &#34;19.519588418&#34;,&#xA;      &#34;19.5192386943218&#34;,&#xA;      &#34;2_04:35&#34;,&#xA;      &#34;21.16&#34;&#xA;    ],&#xA;    [&#xA;      &#34;2020 TZ5&#34;,&#xA;      &#34;4&#34;,&#xA;      &#34;2459546.176285898&#34;,&#xA;      &#34;2021-Nov-27 16:14&#34;,&#xA;      &#34;0.0298935942626182&#34;,&#xA;      &#34;0.0203596885463493&#34;,&#xA;      &#34;0.0500953557473962&#34;,&#xA;      &#34;4.00520585755241&#34;,&#xA;      &#34;4.00281401322241&#34;,&#xA;      &#34;2_01:16&#34;,&#xA;      &#34;23.3&#34;&#xA;    ],&#xA;    [&#xA;      &#34;2019 QM5&#34;,&#xA;      &#34;7&#34;,&#xA;      &#34;2459561.037360536&#34;,&#xA;      &#34;2021-Dec-12 12:54&#34;,&#xA;      &#34;0.0243807953480248&#34;,&#xA;      &#34;0.00297743479897739&#34;,&#xA;      &#34;0.0557515365991017&#34;,&#xA;      &#34;17.9498220806853&#34;,&#xA;      &#34;17.9491678873885&#34;,&#xA;      &#34;1_00:40&#34;,&#xA;      &#34;21.6&#34;&#xA;    ],&#xA;    [&#xA;      &#34;2019 WN2&#34;,&#xA;      &#34;6&#34;,&#xA;      &#34;2459573.598022390&#34;,&#xA;      &#34;2021-Dec-25 02:21&#34;,&#xA;      &#34;0.00796383534663379&#34;,&#xA;      &#34;0.00745696446633357&#34;,&#xA;      &#34;0.00848361633575123&#34;,&#xA;      &#34;5.08168014019648&#34;,&#xA;      &#34;5.0746010213898&#34;,&#xA;      &#34;02:59&#34;,&#xA;      &#34;27.6&#34;&#xA;    ]&#xA;  ],&#xA;  &#34;fields&#34;: [&#xA;    &#34;des&#34;,&#xA;    &#34;orbit_id&#34;,&#xA;    &#34;jd&#34;,&#xA;    &#34;cd&#34;,&#xA;    &#34;dist&#34;,&#xA;    &#34;dist_min&#34;,&#xA;    &#34;dist_max&#34;,&#xA;    &#34;v_rel&#34;,&#xA;    &#34;v_inf&#34;,&#xA;    &#34;t_sigma_f&#34;,&#xA;    &#34;h&#34;&#xA;  ],&#xA;  &#34;signature&#34;: {&#xA;    &#34;source&#34;: &#34;NASA/JPL SBDB Close Approach Data API&#34;,&#xA;    &#34;version&#34;: &#34;1.4&#34;&#xA;  }&#xA;}&#xA;&#xA;2022/08/20 16:00:24 2022/08/20 16:00:24.804Z::INFO::cad_lib.go::108::Received 1st time stamp 2020-01-16 00:00:00 +0000 UTC&#xA;2022/08/20 16:00:24 2022/08/20 16:00:24.804Z::INFO::cad_lib.go::115::Compairing Date 2020-01-16 00:00:00 +0000 UTC with date 2020-01-16 00:00:00 +0000 UTC &#xA;2022/08/20 16:00:24 2022/08/20 16:00:24.805Z::INFO::cad_lib.go::115::Compairing Date 2020-01-23 00:00:00 +0000 UTC with date 2020-01-16 00:00:00 +0000 UTC &#xA;2022/08/20 16:00:24 2022/08/20 16:00:24.805Z::INFO::cad_lib.go::115::Compairing Date 2020-02-13 00:00:00 +0000 UTC with date 2020-01-23 00:00:00 +0000 UTC &#xA;2022/08/20 16:00:24 2022/08/20 16:00:24.805Z::INFO::cad_lib.go::115::Compairing Date 2020-02-15 00:00:00 +0000 UTC with date 2020-02-13 00:00:00 +0000 UTC &#xA;2022/08/20 16:00:24 2022/08/20 16:00:24.805Z::INFO::cad_lib.go::115::Compairing Date 2020-02-18 00:00:00 +0000 UTC with date 2020-02-15 00:00:00 +0000 UTC &#xA;2022/08/20 16:00:24 2022/08/20 16:00:24.805Z::INFO::cad_lib.go::115::Compairing Date 2020-02-29 00:00:00 +0000 UTC with date 2020-02-18 00:00:00 +0000 UTC &#xA;2022/08/20 16:00:24 2022/08/20 16:00:24.805Z::INFO::cad_lib.go::115::Compairing Date 2020-03-09 00:00:00 +0000 UTC with date 2020-02-29 00:00:00 +0000 UTC &#xA;2022/08/20 16:00:24 2022/08/20 16:00:24.806Z::INFO::cad_lib.go::115::Compairing Date 2020-03-12 00:00:00 +0000 UTC with date 2020-03-09 00:00:00 +0000 UTC &#xA;2022/08/20 16:00:24 2022/08/20 16:00:24.806Z::INFO::cad_lib.go::115::Compairing Date 2020-04-06 00:00:00 +0000 UTC with date 2020-03-12 00:00:00 +0000 UTC &#xA;2022/08/20 16:00:24 2022/08/20 16:00:24.807Z::INFO::cad_lib.go::115::Compairing Date 2020-04-20 00:00:00 +0000 UTC with date 2020-04-06 00:00:00 +0000 UTC &#xA;2022/08/20 16:00:24 2022/08/20 16:00:24.807Z::INFO::cad_lib.go::115::Compairing Date 2020-04-24 00:00:00 +0000 UTC with date 2020-04-20 00:00:00 +0000 UTC &#xA;2022/08/20 16:00:24 2022/08/20 16:00:24.807Z::INFO::cad_lib.go::115::Compairing Date 2020-04-29 00:00:00 +0000 UTC with date 2020-04-24 00:00:00 +0000 UTC &#xA;2022/08/20 16:00:24 2022/08/20 16:00:24.807Z::INFO::cad_lib.go::115::Compairing Date 2020-05-19 00:00:00 +0000 UTC with date 2020-04-29 00:00:00 +0000 UTC &#xA;2022/08/20 16:00:24 2022/08/20 16:00:24.807Z::INFO::cad_lib.go::115::Compairing Date 2020-06-09 00:00:00 +0000 UTC with date 2020-05-19 00:00:00 +0000 UTC &#xA;2022/08/20 16:00:24 2022/08/20 16:00:24.807Z::INFO::cad_lib.go::115::Compairing Date 2020-06-28 00:00:00 +0000 UTC with date 2020-06-09 00:00:00 +0000 UTC &#xA;2022/08/20 16:00:24 2022/08/20 16:00:24.807Z::INFO::cad_lib.go::115::Compairing Date 2020-07-19 00:00:00 +0000 UTC with date 2020-06-28 00:00:00 +0000 UTC &#xA;2022/08/20 16:00:24 2022/08/20 16:00:24.807Z::INFO::cad_lib.go::115::Compairing Date 2020-08-02 00:00:00 +0000 UTC with date 2020-07-19 00:00:00 +0000 UTC &#xA;2022/08/20 16:00:24 2022/08/20 16:00:24.807Z::INFO::cad_lib.go::115::Compairing Date 2020-08-04 00:00:00 +0000 UTC with date 2020-08-02 00:00:00 +0000 UTC &#xA;2022/08/20 16:00:24 2022/08/20 16:00:24.808Z::INFO::cad_lib.go::115::Compairing Date 2020-08-07 00:00:00 +0000 UTC with date 2020-08-04 00:00:00 +0000 UTC &#xA;2022/08/20 16:00:24 2022/08/20 16:00:24.808Z::INFO::cad_lib.go::115::Compairing Date 2020-08-13 00:00:00 +0000 UTC with date 2020-08-07 00:00:00 +0000 UTC &#xA;2022/08/20 16:00:24 2022/08/20 16:00:24.808Z::INFO::cad_lib.go::115::Compairing Date 2020-08-19 00:00:00 +0000 UTC with date 2020-08-13 00:00:00 +0000 UTC &#xA;2022/08/20 16:00:24 2022/08/20 16:00:24.808Z::INFO::cad_lib.go::115::Compairing Date 2020-08-26 00:00:00 +0000 UTC with date 2020-08-19 00:00:00 +0000 UTC &#xA;2022/08/20 16:00:24 2022/08/20 16:00:24.808Z::INFO::cad_lib.go::115::Compairing Date 2020-08-26 00:00:00 +0000 UTC with date 2020-08-26 00:00:00 +0000 UTC &#xA;2022/08/20 16:00:24 2022/08/20 16:00:24.808Z::INFO::cad_lib.go::115::Compairing Date 2020-08-29 00:00:00 +0000 UTC with date 2020-08-26 00:00:00 +0000 UTC &#xA;2022/08/20 16:00:24 2022/08/20 16:00:24.808Z::INFO::cad_lib.go::115::Compairing Date 2020-09-08 00:00:00 +0000 UTC with date 2020-08-29 00:00:00 +0000 UTC &#xA;2022/08/20 16:00:24 2022/08/20 16:00:24.809Z::INFO::cad_lib.go::115::Compairing Date 2020-09-12 00:00:00 +0000 UTC with date 2020-09-08 00:00:00 +0000 UTC &#xA;2022/08/20 16:00:24 2022/08/20 16:00:24.809Z::INFO::cad_lib.go::115::Compairing Date 2020-09-14 00:00:00 +0000 UTC with date 2020-09-12 00:00:00 +0000 UTC &#xA;2022/08/20 16:00:24 2022/08/20 16:00:24.809Z::INFO::cad_lib.go::115::Compairing Date 2020-09-19 00:00:00 +0000 UTC with date 2020-09-14 00:00:00 +0000 UTC &#xA;2022/08/20 16:00:24 2022/08/20 16:00:24.809Z::INFO::cad_lib.go::115::Compairing Date 2020-09-22 00:00:00 +0000 UTC with date 2020-09-19 00:00:00 +0000 UTC &#xA;2022/08/20 16:00:24 2022/08/20 16:00:24.809Z::INFO::cad_lib.go::115::Compairing Date 2020-09-24 00:00:00 +0000 UTC with date 2020-09-22 00:00:00 +0000 UTC &#xA;2022/08/20 16:00:24 2022/08/20 16:00:24.809Z::INFO::cad_lib.go::115::Compairing Date 2020-09-26 00:00:00 +0000 UTC with date 2020-09-24 00:00:00 +0000 UTC &#xA;2022/08/20 16:00:24 2022/08/20 16:00:24.809Z::INFO::cad_lib.go::115::Compairing Date 2020-09-26 00:00:00 +0000 UTC with date 2020-09-26 00:00:00 +0000 UTC &#xA;2022/08/20 16:00:24 2022/08/20 16:00:24.809Z::INFO::cad_lib.go::115::Compairing Date 2020-09-30 00:00:00 +0000 UTC with date 2020-09-26 00:00:00 +0000 UTC &#xA;2022/08/20 16:00:24 2022/08/20 16:00:24.809Z::INFO::cad_lib.go::115::Compairing Date 2020-10-01 00:00:00 +0000 UTC with date 2020-09-30 00:00:00 +0000 UTC &#xA;2022/08/20 16:00:24 2022/08/20 16:00:24.809Z::INFO::cad_lib.go::115::Compairing Date 2020-10-04 00:00:00 +0000 UTC with date 2020-10-01 00:00:00 +0000 UTC &#xA;2022/08/20 16:00:24 2022/08/20 16:00:24.809Z::INFO::cad_lib.go::115::Compairing Date 2020-10-16 00:00:00 +0000 UTC with date 2020-10-04 00:00:00 +0000 UTC &#xA;2022/08/20 16:00:24 2022/08/20 16:00:24.809Z::INFO::cad_lib.go::115::Compairing Date 2020-10-24 00:00:00 +0000 UTC with date 2020-10-16 00:00:00 +0000 UTC &#xA;2022/08/20 16:00:24 2022/08/20 16:00:24.809Z::INFO::cad_lib.go::115::Compairing Date 2020-10-24 00:00:00 +0000 UTC with date 2020-10-24 00:00:00 +0000 UTC &#xA;2022/08/20 16:00:24 2022/08/20 16:00:24.809Z::INFO::cad_lib.go::115::Compairing Date 2020-10-26 00:00:00 +0000 UTC with date 2020-10-24 00:00:00 +0000 UTC &#xA;2022/08/20 16:00:24 2022/08/20 16:00:24.81Z::INFO::cad_lib.go::115::Compairing Date 2020-10-31 00:00:00 +0000 UTC with date 2020-10-26 00:00:00 +0000 UTC &#xA;2022/08/20 16:00:24 2022/08/20 16:00:24.81Z::INFO::cad_lib.go::115::Compairing Date 2020-11-01 00:00:00 +0000 UTC with date 2020-10-31 00:00:00 +0000 UTC &#xA;2022/08/20 16:00:24 2022/08/20 16:00:24.81Z::INFO::cad_lib.go::115::Compairing Date 2020-11-01 00:00:00 +0000 UTC with date 2020-11-01 00:00:00 +0000 UTC &#xA;2022/08/20 16:00:24 2022/08/20 16:00:24.81Z::INFO::cad_lib.go::115::Compairing Date 2020-11-02 00:00:00 +0000 UTC with date 2020-11-01 00:00:00 +0000 UTC &#xA;2022/08/20 16:00:24 2022/08/20 16:00:24.81Z::INFO::cad_lib.go::115::Compairing Date 2020-11-03 00:00:00 +0000 UTC with date 2020-11-02 00:00:00 +0000 UTC &#xA;2022/08/20 16:00:24 2022/08/20 16:00:24.81Z::INFO::cad_lib.go::115::Compairing Date 2020-11-04 00:00:00 +0000 UTC with date 2020-11-03 00:00:00 +0000 UTC &#xA;2022/08/20 16:00:24 2022/08/20 16:00:24.81Z::INFO::cad_lib.go::115::Compairing Date 2020-11-05 00:00:00 +0000 UTC with date 2020-11-04 00:00:00 +0000 UTC &#xA;2022/08/20 16:00:24 2022/08/20 16:00:24.81Z::INFO::cad_lib.go::115::Compairing Date 2020-11-07 00:00:00 +0000 UTC with date 2020-11-05 00:00:00 +0000 UTC &#xA;2022/08/20 16:00:24 2022/08/20 16:00:24.81Z::INFO::cad_lib.go::115::Compairing Date 2020-11-09 00:00:00 +0000 UTC with date 2020-11-07 00:00:00 +0000 UTC &#xA;2022/08/20 16:00:24 2022/08/20 16:00:24.81Z::INFO::cad_lib.go::115::Compairing Date 2020-11-10 00:00:00 +0000 UTC with date 2020-11-09 00:00:00 +0000 UTC &#xA;2022/08/20 16:00:24 2022/08/20 16:00:24.81Z::INFO::cad_lib.go::115::Compairing Date 2020-11-10 00:00:00 +0000 UTC with date 2020-11-10 00:00:00 +0000 UTC &#xA;2022/08/20 16:00:24 2022/08/20 16:00:24.81Z::INFO::cad_lib.go::115::Compairing Date 2020-11-15 00:00:00 +0000 UTC with date 2020-11-10 00:00:00 +0000 UTC &#xA;2022/08/20 16:00:24 2022/08/20 16:00:24.81Z::INFO::cad_lib.go::115::Compairing Date 2020-11-18 00:00:00 +0000 UTC with date 2020-11-15 00:00:00 +0000 UTC &#xA;2022/08/20 16:00:24 2022/08/20 16:00:24.81Z::INFO::cad_lib.go::115::Compairing Date 2020-11-24 00:00:00 +0000 UTC with date 2020-11-18 00:00:00 +0000 UTC &#xA;2022/08/20 16:00:24 2022/08/20 16:00:24.81Z::INFO::cad_lib.go::115::Compairing Date 2020-11-26 00:00:00 +0000 UTC with date 2020-11-24 00:00:00 +0000 UTC &#xA;2022/08/20 16:00:24 2022/08/20 16:00:24.81Z::INFO::cad_lib.go::115::Compairing Date 2020-12-09 00:00:00 +0000 UTC with date 2020-11-26 00:00:00 +0000 UTC &#xA;2022/08/20 16:00:24 2022/08/20 16:00:24.81Z::INFO::cad_lib.go::115::Compairing Date 2020-12-15 00:00:00 +0000 UTC with date 2020-12-09 00:00:00 +0000 UTC &#xA;2022/08/20 16:00:24 2022/08/20 16:00:24.81Z::INFO::cad_lib.go::115::Compairing Date 2020-12-15 00:00:00 +0000 UTC with date 2020-12-15 00:00:00 +0000 UTC &#xA;2022/08/20 16:00:24 2022/08/20 16:00:24.811Z::INFO::cad_lib.go::115::Compairing Date 2020-12-29 00:00:00 +0000 UTC with date 2020-12-15 00:00:00 +0000 UTC &#xA;2022/08/20 16:00:24 2022/08/20 16:00:24.811Z::INFO::cad_lib.go::115::Compairing Date 2021-01-06 00:00:00 +0000 UTC with date 2020-12-29 00:00:00 +0000 UTC &#xA;2022/08/20 16:00:24 2022/08/20 16:00:24.811Z::INFO::cad_lib.go::115::Compairing Date 2021-01-14 00:00:00 +0000 UTC with date 2021-01-06 00:00:00 +0000 UTC &#xA;2022/08/20 16:00:24 2022/08/20 16:00:24.811Z::INFO::cad_lib.go::115::Compairing Date 2021-01-25 00:00:00 +0000 UTC with date 2021-01-14 00:00:00 +0000 UTC &#xA;2022/08/20 16:00:24 2022/08/20 16:00:24.811Z::INFO::cad_lib.go::115::Compairing Date 2021-01-28 00:00:00 +0000 UTC with date 2021-01-25 00:00:00 +0000 UTC &#xA;2022/08/20 16:00:24 2022/08/20 16:00:24.811Z::INFO::cad_lib.go::115::Compairing Date 2021-02-04 00:00:00 +0000 UTC with date 2021-01-28 00:00:00 +0000 UTC &#xA;2022/08/20 16:00:24 2022/08/20 16:00:24.811Z::INFO::cad_lib.go::115::Compairing Date 2021-02-15 00:00:00 +0000 UTC with date 2021-02-04 00:00:00 +0000 UTC &#xA;2022/08/20 16:00:24 2022/08/20 16:00:24.811Z::INFO::cad_lib.go::115::Compairing Date 2021-02-17 00:00:00 +0000 UTC with date 2021-02-15 00:00:00 +0000 UTC &#xA;2022/08/20 16:00:24 2022/08/20 16:00:24.811Z::INFO::cad_lib.go::115::Compairing Date 2021-04-05 00:00:00 +0000 UTC with date 2021-02-17 00:00:00 +0000 UTC &#xA;2022/08/20 16:00:24 2022/08/20 16:00:24.811Z::INFO::cad_lib.go::115::Compairing Date 2021-04-17 00:00:00 +0000 UTC with date 2021-04-05 00:00:00 +0000 UTC &#xA;2022/08/20 16:00:24 2022/08/20 16:00:24.811Z::INFO::cad_lib.go::115::Compairing Date 2021-05-06 00:00:00 +0000 UTC with date 2021-04-17 00:00:00 +0000 UTC &#xA;2022/08/20 16:00:24 2022/08/20 16:00:24.811Z::INFO::cad_lib.go::115::Compairing Date 2021-06-02 00:00:00 +0000 UTC with date 2021-05-06 00:00:00 +0000 UTC &#xA;2022/08/20 16:00:24 2022/08/20 16:00:24.811Z::INFO::cad_lib.go::115::Compairing Date 2021-06-10 00:00:00 +0000 UTC with date 2021-06-02 00:00:00 +0000 UTC &#xA;2022/08/20 16:00:24 2022/08/20 16:00:24.811Z::INFO::cad_lib.go::115::Compairing Date 2021-06-22 00:00:00 +0000 UTC with date 2021-06-10 00:00:00 +0000 UTC &#xA;2022/08/20 16:00:24 2022/08/20 16:00:24.811Z::INFO::cad_lib.go::115::Compairing Date 2021-07-05 00:00:00 +0000 UTC with date 2021-06-22 00:00:00 +0000 UTC &#xA;2022/08/20 16:00:24 2022/08/20 16:00:24.811Z::INFO::cad_lib.go::115::Compairing Date 2021-08-02 00:00:00 +0000 UTC with date 2021-07-05 00:00:00 +0000 UTC &#xA;2022/08/20 16:00:24 2022/08/20 16:00:24.811Z::INFO::cad_lib.go::115::Compairing Date 2021-08-11 00:00:00 +0000 UTC with date 2021-08-02 00:00:00 +0000 UTC &#xA;2022/08/20 16:00:24 2022/08/20 16:00:24.811Z::INFO::cad_lib.go::115::Compairing Date 2021-08-31 00:00:00 +0000 UTC with date 2021-08-11 00:00:00 +0000 UTC &#xA;2022/08/20 16:00:24 2022/08/20 16:00:24.812Z::INFO::cad_lib.go::115::Compairing Date 2021-11-04 00:00:00 +0000 UTC with date 2021-08-31 00:00:00 +0000 UTC &#xA;2022/08/20 16:00:24 2022/08/20 16:00:24.812Z::INFO::cad_lib.go::115::Compairing Date 2021-11-06 00:00:00 +0000 UTC with date 2021-11-04 00:00:00 +0000 UTC &#xA;2022/08/20 16:00:24 2022/08/20 16:00:24.812Z::INFO::cad_lib.go::115::Compairing Date 2021-11-23 00:00:00 +0000 UTC with date 2021-11-06 00:00:00 +0000 UTC &#xA;2022/08/20 16:00:24 2022/08/20 16:00:24.812Z::INFO::cad_lib.go::115::Compairing Date 2021-11-27 00:00:00 +0000 UTC with date 2021-11-23 00:00:00 +0000 UTC &#xA;2022/08/20 16:00:24 2022/08/20 16:00:24.812Z::INFO::cad_lib.go::115::Compairing Date 2021-12-12 00:00:00 +0000 UTC with date 2021-11-27 00:00:00 +0000 UTC &#xA;2022/08/20 16:00:24 2022/08/20 16:00:24.812Z::INFO::cad_lib.go::115::Compairing Date 2021-12-25 00:00:00 +0000 UTC with date 2021-12-12 00:00:00 +0000 UTC &#xA;2022/08/20 16:00:24 2022/08/20 16:00:24.812Z::INFO::cad_lib.go::122::Data is sorted based on timestamp</system-out>
		</testcase>
		<testcase classname="command-line-arguments" name="Test_All_Cad_For_Mars_Based_Distance_Sort_Distance" time="6.390">
			<system-out>2022/08/20 16:00:24 2022/08/20 16:00:24.812Z::INFO::Get_Cad_for_Mars_test.go::33::Test description: Verify user able to view All Close Apporch object data for mars based on specific maximun and minimum distances with sort based on dist&#xA;2022/08/20 16:00:24 2022/08/20 16:00:24.812Z::INFO::Get_Cad_for_Mars_test.go::34::***** Execution started *****&#xA;2022/08/20 16:00:24 2022/08/20 16:00:24.812Z::INFO::util_rest.go::18::++++++++++++++++++++++++++++++++++++++++++++++++++++&#xA;2022/08/20 16:00:24 2022/08/20 16:00:24.812Z::INFO::util_rest.go::19::+                    Request                       +&#xA;2022/08/20 16:00:24 2022/08/20 16:00:24.812Z::INFO::util_rest.go::20::++++++++++++++++++++++++++++++++++++++++++++++++++++&#xA;2022/08/20 16:00:24 2022/08/20 16:00:24.812Z::INFO::util_rest.go::21::API:  https://ssd-api.jpl.nasa.gov/cad.api?body=Mars&amp;dist-max=10&amp;dist-min=0.05&amp;sort=dist&#xA;2022/08/20 16:00:24 2022/08/20 16:00:24.812Z::INFO::util_rest.go::22::Request type:  GET&#xA;2022/08/20 16:00:24 2022/08/20 16:00:24.812Z::INFO::util_rest.go::23::Payload:&#xA; &#xA;2022/08/20 16:00:31 2022/08/20 16:00:31.203Z::INFO::util_rest.go::31::++++++++++++++++++++++++++++++++++++++++++++++++++++&#xA;2022/08/20 16:00:31 2022/08/20 16:00:31.203Z::INFO::util_rest.go::32::+                    Response                      +&#xA;2022/08/20 16:00:31 2022/08/20 16:00:31.204Z::INFO::util_rest.go::33::++++++++++++++++++++++++++++++++++++++++++++++++++++&#xA; {&#xA;  &#34;count&#34;: &#34;13&#34;,&#xA;  &#34;data&#34;: [&#xA;    [&#xA;      &#34;2014 HS124&#34;,&#xA;      &#34;13&#34;,&#xA;      &#34;2459813.747327686&#34;,&#xA;      &#34;2022-Aug-22 05:56&#34;,&#xA;      &#34;0.0525637215100494&#34;,&#xA;      &#34;0.0518621957578828&#34;,&#xA;      &#34;0.0533537337261527&#34;,&#xA;      &#34;7.24360404748199&#34;,&#xA;      &#34;7.24285209927725&#34;,&#xA;      &#34;02:04&#34;,&#xA;      &#34;22.9&#34;&#xA;    ],&#xA;    [&#xA;      &#34;2010 XN&#34;,&#xA;      &#34;16&#34;,&#xA;      &#34;2459839.440072648&#34;,&#xA;      &#34;2022-Sep-16 22:34&#34;,&#xA;      &#34;0.055510862941412&#34;,&#xA;      &#34;0.0555024696618161&#34;,&#xA;      &#34;0.0555192562342417&#34;,&#xA;      &#34;9.27183336841803&#34;,&#xA;      &#34;9.2712771112454&#34;,&#xA;      &#34;00:05&#34;,&#xA;      &#34;24.2&#34;&#xA;    ],&#xA;    [&#xA;      &#34;216985&#34;,&#xA;      &#34;60&#34;,&#xA;      &#34;2459833.928235820&#34;,&#xA;      &#34;2022-Sep-11 10:17&#34;,&#xA;      &#34;0.0566471687996879&#34;,&#xA;      &#34;0.0566467115259097&#34;,&#xA;      &#34;0.0566476260740264&#34;,&#xA;      &#34;4.61219473277429&#34;,&#xA;      &#34;4.61109883019804&#34;,&#xA;      &#34;\u003c 00:01&#34;,&#xA;      &#34;21.33&#34;&#xA;    ],&#xA;    [&#xA;      &#34;2015 YV20&#34;,&#xA;      &#34;9&#34;,&#xA;      &#34;2459858.605579202&#34;,&#xA;      &#34;2022-Oct-06 02:32&#34;,&#xA;      &#34;0.0609235677987868&#34;,&#xA;      &#34;0.0173880458399852&#34;,&#xA;      &#34;0.10774044105862&#34;,&#xA;      &#34;6.34112787144615&#34;,&#xA;      &#34;6.34038676646428&#34;,&#xA;      &#34;5_11:15&#34;,&#xA;      &#34;22.2&#34;&#xA;    ],&#xA;    [&#xA;      &#34;2019 ER2&#34;,&#xA;      &#34;4&#34;,&#xA;      &#34;2459859.772715759&#34;,&#xA;      &#34;2022-Oct-07 06:33&#34;,&#xA;      &#34;0.0613633759370903&#34;,&#xA;      &#34;0.0589246131458125&#34;,&#xA;      &#34;0.0661075435023564&#34;,&#xA;      &#34;4.81592574948891&#34;,&#xA;      &#34;4.81495688987437&#34;,&#xA;      &#34;2_18:26&#34;,&#xA;      &#34;25.9&#34;&#xA;    ],&#xA;    [&#xA;      &#34;2022 EF1&#34;,&#xA;      &#34;3&#34;,&#xA;      &#34;2459839.954680260&#34;,&#xA;      &#34;2022-Sep-17 10:55&#34;,&#xA;      &#34;0.0736588725723357&#34;,&#xA;      &#34;0.0729226737863993&#34;,&#xA;      &#34;0.0743952000294737&#34;,&#xA;      &#34;7.09980172453057&#34;,&#xA;      &#34;7.09925426546777&#34;,&#xA;      &#34;01:52&#34;,&#xA;      &#34;28.98&#34;&#xA;    ],&#xA;    [&#xA;      &#34;2021 EP1&#34;,&#xA;      &#34;6&#34;,&#xA;      &#34;2459860.078615461&#34;,&#xA;      &#34;2022-Oct-07 13:53&#34;,&#xA;      &#34;0.082449743228965&#34;,&#xA;      &#34;0.0808030247343689&#34;,&#xA;      &#34;0.100217523864748&#34;,&#xA;      &#34;11.2758148845965&#34;,&#xA;      &#34;11.275506938376&#34;,&#xA;      &#34;1_18:51&#34;,&#xA;      &#34;27.2&#34;&#xA;    ],&#xA;    [&#xA;      &#34;2019 UF14&#34;,&#xA;      &#34;3&#34;,&#xA;      &#34;2459870.396369255&#34;,&#xA;      &#34;2022-Oct-17 21:31&#34;,&#xA;      &#34;0.0829937049339832&#34;,&#xA;      &#34;0.0515153565205637&#34;,&#xA;      &#34;0.206633563432525&#34;,&#xA;      &#34;10.8066531757863&#34;,&#xA;      &#34;10.8063339659679&#34;,&#xA;      &#34;4_23:10&#34;,&#xA;      &#34;21.8&#34;&#xA;    ],&#xA;    [&#xA;      &#34;2022 GF3&#34;,&#xA;      &#34;2&#34;,&#xA;      &#34;2459814.387011162&#34;,&#xA;      &#34;2022-Aug-22 21:17&#34;,&#xA;      &#34;0.0887373722167379&#34;,&#xA;      &#34;0.0874239609608586&#34;,&#xA;      &#34;0.0900532717061397&#34;,&#xA;      &#34;13.8315244862276&#34;,&#xA;      &#34;13.8312912300034&#34;,&#xA;      &#34;04:46&#34;,&#xA;      &#34;27.90&#34;&#xA;    ],&#xA;    [&#xA;      &#34;2020 DJ&#34;,&#xA;      &#34;9&#34;,&#xA;      &#34;2459817.299885632&#34;,&#xA;      &#34;2022-Aug-25 19:12&#34;,&#xA;      &#34;0.0895429265430111&#34;,&#xA;      &#34;0.0891276167595517&#34;,&#xA;      &#34;0.0899855820460072&#34;,&#xA;      &#34;6.55891545499743&#34;,&#xA;      &#34;6.55842797251379&#34;,&#xA;      &#34;02:27&#34;,&#xA;      &#34;26.2&#34;&#xA;    ],&#xA;    [&#xA;      &#34;2012 UZ33&#34;,&#xA;      &#34;29&#34;,&#xA;      &#34;2459847.509580520&#34;,&#xA;      &#34;2022-Sep-25 00:14&#34;,&#xA;      &#34;0.0923013616981337&#34;,&#xA;      &#34;0.092298296307691&#34;,&#xA;      &#34;0.0923044271134773&#34;,&#xA;      &#34;10.9536070748189&#34;,&#xA;      &#34;10.9533239052756&#34;,&#xA;      &#34;\u003c 00:01&#34;,&#xA;      &#34;19.28&#34;&#xA;    ],&#xA;    [&#xA;      &#34;2004 KZ14&#34;,&#xA;      &#34;20&#34;,&#xA;      &#34;2459868.391714459&#34;,&#xA;      &#34;2022-Oct-15 21:24&#34;,&#xA;      &#34;0.0959174803310402&#34;,&#xA;      &#34;0.0959170678092839&#34;,&#xA;      &#34;0.0959178928545685&#34;,&#xA;      &#34;10.5733112255251&#34;,&#xA;      &#34;10.5730289305076&#34;,&#xA;      &#34;\u003c 00:01&#34;,&#xA;      &#34;20.5&#34;&#xA;    ],&#xA;    [&#xA;      &#34;2012 BV1&#34;,&#xA;      &#34;5&#34;,&#xA;      &#34;2459867.601671454&#34;,&#xA;      &#34;2022-Oct-15 02:26&#34;,&#xA;      &#34;0.0965439088779298&#34;,&#xA;      &#34;0.0183849434006476&#34;,&#xA;      &#34;0.221199339900137&#34;,&#xA;      &#34;10.4286468407975&#34;,&#xA;      &#34;10.4283624868416&#34;,&#xA;      &#34;1_12:45&#34;,&#xA;      &#34;31.0&#34;&#xA;    ]&#xA;  ],&#xA;  &#34;fields&#34;: [&#xA;    &#34;des&#34;,&#xA;    &#34;orbit_id&#34;,&#xA;    &#34;jd&#34;,&#xA;    &#34;cd&#34;,&#xA;    &#34;dist&#34;,&#xA;    &#34;dist_min&#34;,&#xA;    &#34;dist_max&#34;,&#xA;    &#34;v_rel&#34;,&#xA;    &#34;v_inf&#34;,&#xA;    &#34;t_sigma_f&#34;,&#xA;    &#34;h&#34;&#xA;  ],&#xA;  &#34;signature&#34;: {&#xA;    &#34;source&#34;: &#34;NASA/JPL SBDB Close Approach Data API&#34;,&#xA;    &#34;version&#34;: &#34;1.4&#34;&#xA;  }&#xA;}&#xA;</system-out>
		</testcase>
	</testsuite>
</testsuites>
